<?xml version="1.0" encoding="UTF-8"?>
<testsuite xmlns:xsi="http://www.w3.org/2001/XMLSchema-instance" xsi:noNamespaceSchemaLocation="https://maven.apache.org/surefire/maven-surefire-plugin/xsd/surefire-test-report-3.0.xsd" version="3.0" name="com.inventario.controller.mobile.MobileConnectionControllerTest" time="15.327" tests="1" errors="0" skipped="0" failures="0">
  <properties>
[...]
</properties>
  <testcase name="contextLoads" classname="com.inventario.controller.mobile.MobileConnectionControllerTest" time="0.439">
    <system-out><![CDATA[
  .   ____          _            __ _ _
 /\\ / ___'_ __ _ _(_)_ __  __ _ \ \ \ \
( ( )\___ | '_ | '_| | '_ \/ _` | \ \ \ \
 \\/  ___)| |_)| | | | | || (_| |  ) ) ) )
  '  |____| .__|_| |_|_| |_\__, | / / / /
 =========|_|==============|___/=/_/_/_/
 :: Spring Boot ::                (v3.2.0)

2025-11-11 23:05:27 - Starting MobileConnectionControllerTest using Java 24.0.2 with PID 9652 (started by Romulo in D:\MASTER_INVENTARIO)
ERROR StatusConsoleListener An exception occurred processing Appender File
 java.nio.file.InvalidPathException: Illegal char <:> at index 5: ${sys:LOG_PATH}\2025-11
	at java.base/sun.nio.fs.WindowsPathParser.normalize(WindowsPathParser.java:204)
	at java.base/sun.nio.fs.WindowsPathParser.parse(WindowsPathParser.java:175)
	at java.base/sun.nio.fs.WindowsPathParser.parse(WindowsPathParser.java:77)
	at java.base/sun.nio.fs.WindowsPath.parse(WindowsPath.java:92)
	at java.base/sun.nio.fs.WindowsFileSystem.getPath(WindowsFileSystem.java:203)
	at java.base/java.io.File.toPath(File.java:2097)
	at org.apache.logging.log4j.core.appender.rolling.AbstractRolloverStrategy.getEligibleFiles(AbstractRolloverStrategy.java:122)
	at org.apache.logging.log4j.core.appender.rolling.AbstractRolloverStrategy.getEligibleFiles(AbstractRolloverStrategy.java:96)
	at org.apache.logging.log4j.core.appender.rolling.AbstractRolloverStrategy.getEligibleFiles(AbstractRolloverStrategy.java:87)
	at org.apache.logging.log4j.core.appender.rolling.DefaultRolloverStrategy.purgeAscending(DefaultRolloverStrategy.java:415)
	at org.apache.logging.log4j.core.appender.rolling.DefaultRolloverStrategy.purge(DefaultRolloverStrategy.java:402)
	at org.apache.logging.log4j.core.appender.rolling.DefaultRolloverStrategy.rollover(DefaultRolloverStrategy.java:532)
	at org.apache.logging.log4j.core.appender.rolling.RollingFileManager.rollover(RollingFileManager.java:504)
	at org.apache.logging.log4j.core.appender.rolling.RollingFileManager.rollover(RollingFileManager.java:394)
	at org.apache.logging.log4j.core.appender.rolling.RollingFileManager.checkRollover(RollingFileManager.java:308)
	at org.apache.logging.log4j.core.appender.RollingFileAppender.append(RollingFileAppender.java:300)
	at org.apache.logging.log4j.core.config.AppenderControl.tryCallAppender(AppenderControl.java:161)
	at org.apache.logging.log4j.core.config.AppenderControl.callAppender0(AppenderControl.java:134)
	at org.apache.logging.log4j.core.config.AppenderControl.callAppenderPreventRecursion(AppenderControl.java:125)
	at org.apache.logging.log4j.core.config.AppenderControl.callAppender(AppenderControl.java:89)
	at org.apache.logging.log4j.core.config.LoggerConfig.callAppenders(LoggerConfig.java:686)
	at org.apache.logging.log4j.core.config.LoggerConfig.processLogEvent(LoggerConfig.java:644)
	at org.apache.logging.log4j.core.config.LoggerConfig.log(LoggerConfig.java:620)
	at org.apache.logging.log4j.core.config.LoggerConfig.logParent(LoggerConfig.java:677)
	at org.apache.logging.log4j.core.config.LoggerConfig.processLogEvent(LoggerConfig.java:646)
	at org.apache.logging.log4j.core.config.LoggerConfig.log(LoggerConfig.java:620)
	at org.apache.logging.log4j.core.config.LoggerConfig.log(LoggerConfig.java:556)
	at org.apache.logging.log4j.core.config.DefaultReliabilityStrategy.log(DefaultReliabilityStrategy.java:62)
	at org.apache.logging.log4j.core.Logger.log(Logger.java:163)
	at org.apache.logging.log4j.spi.AbstractLogger.tryLogMessage(AbstractLogger.java:2165)
	at org.apache.logging.log4j.spi.AbstractLogger.logMessageTrackRecursion(AbstractLogger.java:2119)
	at org.apache.logging.log4j.spi.AbstractLogger.logMessageSafely(AbstractLogger.java:2102)
	at org.apache.logging.log4j.spi.AbstractLogger.logMessage(AbstractLogger.java:1954)
	at org.apache.logging.log4j.spi.AbstractLogger.logIfEnabled(AbstractLogger.java:1812)
	at org.apache.commons.logging.LogAdapter$Log4jLog.log(LogAdapter.java:264)
	at org.apache.commons.logging.LogAdapter$Log4jLog.info(LogAdapter.java:224)
	at org.springframework.boot.StartupInfoLogger.logStarting(StartupInfoLogger.java:50)
	at org.springframework.boot.SpringApplication.logStartupInfo(SpringApplication.java:637)
	at org.springframework.boot.SpringApplication.prepareContext(SpringApplication.java:401)
	at org.springframework.boot.SpringApplication.run(SpringApplication.java:322)
	at org.springframework.boot.test.context.SpringBootContextLoader.lambda$loadContext$3(SpringBootContextLoader.java:137)
	at org.springframework.util.function.ThrowingSupplier.get(ThrowingSupplier.java:58)
	at org.springframework.util.function.ThrowingSupplier.get(ThrowingSupplier.java:46)
	at org.springframework.boot.SpringApplication.withHook(SpringApplication.java:1442)
	at org.springframework.boot.test.context.SpringBootContextLoader$ContextLoaderHook.run(SpringBootContextLoader.java:552)
	at org.springframework.boot.test.context.SpringBootContextLoader.loadContext(SpringBootContextLoader.java:137)
	at org.springframework.boot.test.context.SpringBootContextLoader.loadContext(SpringBootContextLoader.java:108)
	at org.springframework.test.context.cache.DefaultCacheAwareContextLoaderDelegate.loadContextInternal(DefaultCacheAwareContextLoaderDelegate.java:225)
	at org.springframework.test.context.cache.DefaultCacheAwareContextLoaderDelegate.loadContext(DefaultCacheAwareContextLoaderDelegate.java:152)
	at org.springframework.test.context.support.DefaultTestContext.getApplicationContext(DefaultTestContext.java:130)
	at org.springframework.test.context.web.ServletTestExecutionListener.setUpRequestContextIfNecessary(ServletTestExecutionListener.java:191)
	at org.springframework.test.context.web.ServletTestExecutionListener.prepareTestInstance(ServletTestExecutionListener.java:130)
	at org.springframework.test.context.TestContextManager.prepareTestInstance(TestContextManager.java:247)
	at org.springframework.test.context.junit.jupiter.SpringExtension.postProcessTestInstance(SpringExtension.java:163)
	at org.junit.jupiter.engine.descriptor.ClassBasedTestDescriptor.lambda$invokeTestInstancePostProcessors$10(ClassBasedTestDescriptor.java:378)
	at org.junit.jupiter.engine.descriptor.ClassBasedTestDescriptor.executeAndMaskThrowable(ClassBasedTestDescriptor.java:383)
	at org.junit.jupiter.engine.descriptor.ClassBasedTestDescriptor.lambda$invokeTestInstancePostProcessors$11(ClassBasedTestDescriptor.java:378)
	at java.base/java.util.stream.ReferencePipeline$3$1.accept(ReferencePipeline.java:215)
	at java.base/java.util.stream.ReferencePipeline$2$1.accept(ReferencePipeline.java:197)
	at java.base/java.util.ArrayList$ArrayListSpliterator.forEachRemaining(ArrayList.java:1716)
	at java.base/java.util.stream.AbstractPipeline.copyInto(AbstractPipeline.java:570)
	at java.base/java.util.stream.AbstractPipeline.wrapAndCopyInto(AbstractPipeline.java:560)
	at java.base/java.util.stream.StreamSpliterators$WrappingSpliterator.forEachRemaining(StreamSpliterators.java:315)
	at java.base/java.util.stream.Streams$ConcatSpliterator.forEachRemaining(Streams.java:735)
	at java.base/java.util.stream.Streams$ConcatSpliterator.forEachRemaining(Streams.java:734)
	at java.base/java.util.stream.ReferencePipeline$Head.forEach(ReferencePipeline.java:807)
	at org.junit.jupiter.engine.descriptor.ClassBasedTestDescriptor.invokeTestInstancePostProcessors(ClassBasedTestDescriptor.java:377)
	at org.junit.jupiter.engine.descriptor.ClassBasedTestDescriptor.lambda$instantiateAndPostProcessTestInstance$6(ClassBasedTestDescriptor.java:290)
	at org.junit.platform.engine.support.hierarchical.ThrowableCollector.execute(ThrowableCollector.java:73)
	at org.junit.jupiter.engine.descriptor.ClassBasedTestDescriptor.instantiateAndPostProcessTestInstance(ClassBasedTestDescriptor.java:289)
	at org.junit.jupiter.engine.descriptor.ClassBasedTestDescriptor.lambda$testInstancesProvider$4(ClassBasedTestDescriptor.java:279)
	at java.base/java.util.Optional.orElseGet(Optional.java:364)
	at org.junit.jupiter.engine.descriptor.ClassBasedTestDescriptor.lambda$testInstancesProvider$5(ClassBasedTestDescriptor.java:278)
	at org.junit.jupiter.engine.execution.TestInstancesProvider.getTestInstances(TestInstancesProvider.java:31)
	at org.junit.jupiter.engine.descriptor.TestMethodTestDescriptor.lambda$prepare$0(TestMethodTestDescriptor.java:106)
	at org.junit.platform.engine.support.hierarchical.ThrowableCollector.execute(ThrowableCollector.java:73)
	at org.junit.jupiter.engine.descriptor.TestMethodTestDescriptor.prepare(TestMethodTestDescriptor.java:105)
	at org.junit.jupiter.engine.descriptor.TestMethodTestDescriptor.prepare(TestMethodTestDescriptor.java:69)
	at org.junit.platform.engine.support.hierarchical.NodeTestTask.lambda$prepare$2(NodeTestTask.java:123)
	at org.junit.platform.engine.support.hierarchical.ThrowableCollector.execute(ThrowableCollector.java:73)
	at org.junit.platform.engine.support.hierarchical.NodeTestTask.prepare(NodeTestTask.java:123)
	at org.junit.platform.engine.support.hierarchical.NodeTestTask.execute(NodeTestTask.java:90)
	at java.base/java.util.ArrayList.forEach(ArrayList.java:1604)
	at org.junit.platform.engine.support.hierarchical.SameThreadHierarchicalTestExecutorService.invokeAll(SameThreadHierarchicalTestExecutorService.java:41)
	at org.junit.platform.engine.support.hierarchical.NodeTestTask.lambda$executeRecursively$6(NodeTestTask.java:155)
	at org.junit.platform.engine.support.hierarchical.ThrowableCollector.execute(ThrowableCollector.java:73)
	at org.junit.platform.engine.support.hierarchical.NodeTestTask.lambda$executeRecursively$8(NodeTestTask.java:141)
	at org.junit.platform.engine.support.hierarchical.Node.around(Node.java:137)
	at org.junit.platform.engine.support.hierarchical.NodeTestTask.lambda$executeRecursively$9(NodeTestTask.java:139)
	at org.junit.platform.engine.support.hierarchical.ThrowableCollector.execute(ThrowableCollector.java:73)
	at org.junit.platform.engine.support.hierarchical.NodeTestTask.executeRecursively(NodeTestTask.java:138)
	at org.junit.platform.engine.support.hierarchical.NodeTestTask.execute(NodeTestTask.java:95)
	at java.base/java.util.ArrayList.forEach(ArrayList.java:1604)
	at org.junit.platform.engine.support.hierarchical.SameThreadHierarchicalTestExecutorService.invokeAll(SameThreadHierarchicalTestExecutorService.java:41)
	at org.junit.platform.engine.support.hierarchical.NodeTestTask.lambda$executeRecursively$6(NodeTestTask.java:155)
	at org.junit.platform.engine.support.hierarchical.ThrowableCollector.execute(ThrowableCollector.java:73)
	at org.junit.platform.engine.support.hierarchical.NodeTestTask.lambda$executeRecursively$8(NodeTestTask.java:141)
	at org.junit.platform.engine.support.hierarchical.Node.around(Node.java:137)
	at org.junit.platform.engine.support.hierarchical.NodeTestTask.lambda$executeRecursively$9(NodeTestTask.java:139)
	at org.junit.platform.engine.support.hierarchical.ThrowableCollector.execute(ThrowableCollector.java:73)
	at org.junit.platform.engine.support.hierarchical.NodeTestTask.executeRecursively(NodeTestTask.java:138)
	at org.junit.platform.engine.support.hierarchical.NodeTestTask.execute(NodeTestTask.java:95)
	at org.junit.platform.engine.support.hierarchical.SameThreadHierarchicalTestExecutorService.submit(SameThreadHierarchicalTestExecutorService.java:35)
	at org.junit.platform.engine.support.hierarchical.HierarchicalTestExecutor.execute(HierarchicalTestExecutor.java:57)
	at org.junit.platform.engine.support.hierarchical.HierarchicalTestEngine.execute(HierarchicalTestEngine.java:54)
	at org.junit.platform.launcher.core.EngineExecutionOrchestrator.execute(EngineExecutionOrchestrator.java:198)
	at org.junit.platform.launcher.core.EngineExecutionOrchestrator.execute(EngineExecutionOrchestrator.java:169)
	at org.junit.platform.launcher.core.EngineExecutionOrchestrator.execute(EngineExecutionOrchestrator.java:93)
	at org.junit.platform.launcher.core.EngineExecutionOrchestrator.lambda$execute$0(EngineExecutionOrchestrator.java:58)
	at org.junit.platform.launcher.core.EngineExecutionOrchestrator.withInterceptedStreams(EngineExecutionOrchestrator.java:141)
	at org.junit.platform.launcher.core.EngineExecutionOrchestrator.execute(EngineExecutionOrchestrator.java:57)
	at org.junit.platform.launcher.core.DefaultLauncher.execute(DefaultLauncher.java:103)
	at org.junit.platform.launcher.core.DefaultLauncher.execute(DefaultLauncher.java:85)
	at org.junit.platform.launcher.core.DelegatingLauncher.execute(DelegatingLauncher.java:47)
	at org.apache.maven.surefire.junitplatform.LazyLauncher.execute(LazyLauncher.java:56)
	at org.apache.maven.surefire.junitplatform.JUnitPlatformProvider.execute(JUnitPlatformProvider.java:184)
	at org.apache.maven.surefire.junitplatform.JUnitPlatformProvider.invokeAllTests(JUnitPlatformProvider.java:148)
	at org.apache.maven.surefire.junitplatform.JUnitPlatformProvider.invoke(JUnitPlatformProvider.java:122)
	at org.apache.maven.surefire.booter.ForkedBooter.runSuitesInProcess(ForkedBooter.java:385)
	at org.apache.maven.surefire.booter.ForkedBooter.execute(ForkedBooter.java:162)
	at org.apache.maven.surefire.booter.ForkedBooter.run(ForkedBooter.java:507)
	at org.apache.maven.surefire.booter.ForkedBooter.main(ForkedBooter.java:495)
2025-11-11 23:05:27 - Running with Spring Boot v3.2.0, Spring v6.1.1
ERROR StatusConsoleListener An exception occurred processing Appender File
 java.nio.file.InvalidPathException: Illegal char <:> at index 5: ${sys:LOG_PATH}\2025-11
	at java.base/sun.nio.fs.WindowsPathParser.normalize(WindowsPathParser.java:204)
	at java.base/sun.nio.fs.WindowsPathParser.parse(WindowsPathParser.java:175)
	at java.base/sun.nio.fs.WindowsPathParser.parse(WindowsPathParser.java:77)
	at java.base/sun.nio.fs.WindowsPath.parse(WindowsPath.java:92)
	at java.base/sun.nio.fs.WindowsFileSystem.getPath(WindowsFileSystem.java:203)
	at java.base/java.io.File.toPath(File.java:2097)
	at org.apache.logging.log4j.core.appender.rolling.AbstractRolloverStrategy.getEligibleFiles(AbstractRolloverStrategy.java:122)
	at org.apache.logging.log4j.core.appender.rolling.AbstractRolloverStrategy.getEligibleFiles(AbstractRolloverStrategy.java:96)
	at org.apache.logging.log4j.core.appender.rolling.AbstractRolloverStrategy.getEligibleFiles(AbstractRolloverStrategy.java:87)
	at org.apache.logging.log4j.core.appender.rolling.DefaultRolloverStrategy.purgeAscending(DefaultRolloverStrategy.java:415)
	at org.apache.logging.log4j.core.appender.rolling.DefaultRolloverStrategy.purge(DefaultRolloverStrategy.java:402)
	at org.apache.logging.log4j.core.appender.rolling.DefaultRolloverStrategy.rollover(DefaultRolloverStrategy.java:532)
	at org.apache.logging.log4j.core.appender.rolling.RollingFileManager.rollover(RollingFileManager.java:504)
	at org.apache.logging.log4j.core.appender.rolling.RollingFileManager.rollover(RollingFileManager.java:394)
	at org.apache.logging.log4j.core.appender.rolling.RollingFileManager.checkRollover(RollingFileManager.java:308)
	at org.apache.logging.log4j.core.appender.RollingFileAppender.append(RollingFileAppender.java:300)
	at org.apache.logging.log4j.core.config.AppenderControl.tryCallAppender(AppenderControl.java:161)
	at org.apache.logging.log4j.core.config.AppenderControl.callAppender0(AppenderControl.java:134)
	at org.apache.logging.log4j.core.config.AppenderControl.callAppenderPreventRecursion(AppenderControl.java:125)
	at org.apache.logging.log4j.core.config.AppenderControl.callAppender(AppenderControl.java:89)
	at org.apache.logging.log4j.core.config.LoggerConfig.callAppenders(LoggerConfig.java:686)
	at org.apache.logging.log4j.core.config.LoggerConfig.processLogEvent(LoggerConfig.java:644)
	at org.apache.logging.log4j.core.config.LoggerConfig.log(LoggerConfig.java:620)
	at org.apache.logging.log4j.core.config.LoggerConfig.logParent(LoggerConfig.java:677)
	at org.apache.logging.log4j.core.config.LoggerConfig.processLogEvent(LoggerConfig.java:646)
	at org.apache.logging.log4j.core.config.LoggerConfig.log(LoggerConfig.java:620)
	at org.apache.logging.log4j.core.config.LoggerConfig.log(LoggerConfig.java:556)
	at org.apache.logging.log4j.core.config.DefaultReliabilityStrategy.log(DefaultReliabilityStrategy.java:62)
	at org.apache.logging.log4j.core.Logger.log(Logger.java:163)
	at org.apache.logging.log4j.spi.AbstractLogger.tryLogMessage(AbstractLogger.java:2165)
	at org.apache.logging.log4j.spi.AbstractLogger.logMessageTrackRecursion(AbstractLogger.java:2119)
	at org.apache.logging.log4j.spi.AbstractLogger.logMessageSafely(AbstractLogger.java:2102)
	at org.apache.logging.log4j.spi.AbstractLogger.logMessage(AbstractLogger.java:1954)
	at org.apache.logging.log4j.spi.AbstractLogger.logIfEnabled(AbstractLogger.java:1812)
	at org.apache.commons.logging.LogAdapter$Log4jLog.log(LogAdapter.java:264)
	at org.apache.commons.logging.LogAdapter$Log4jLog.debug(LogAdapter.java:234)
	at org.springframework.boot.StartupInfoLogger.logStarting(StartupInfoLogger.java:51)
	at org.springframework.boot.SpringApplication.logStartupInfo(SpringApplication.java:637)
	at org.springframework.boot.SpringApplication.prepareContext(SpringApplication.java:401)
	at org.springframework.boot.SpringApplication.run(SpringApplication.java:322)
	at org.springframework.boot.test.context.SpringBootContextLoader.lambda$loadContext$3(SpringBootContextLoader.java:137)
	at org.springframework.util.function.ThrowingSupplier.get(ThrowingSupplier.java:58)
	at org.springframework.util.function.ThrowingSupplier.get(ThrowingSupplier.java:46)
	at org.springframework.boot.SpringApplication.withHook(SpringApplication.java:1442)
	at org.springframework.boot.test.context.SpringBootContextLoader$ContextLoaderHook.run(SpringBootContextLoader.java:552)
	at org.springframework.boot.test.context.SpringBootContextLoader.loadContext(SpringBootContextLoader.java:137)
	at org.springframework.boot.test.context.SpringBootContextLoader.loadContext(SpringBootContextLoader.java:108)
	at org.springframework.test.context.cache.DefaultCacheAwareContextLoaderDelegate.loadContextInternal(DefaultCacheAwareContextLoaderDelegate.java:225)
	at org.springframework.test.context.cache.DefaultCacheAwareContextLoaderDelegate.loadContext(DefaultCacheAwareContextLoaderDelegate.java:152)
	at org.springframework.test.context.support.DefaultTestContext.getApplicationContext(DefaultTestContext.java:130)
	at org.springframework.test.context.web.ServletTestExecutionListener.setUpRequestContextIfNecessary(ServletTestExecutionListener.java:191)
	at org.springframework.test.context.web.ServletTestExecutionListener.prepareTestInstance(ServletTestExecutionListener.java:130)
	at org.springframework.test.context.TestContextManager.prepareTestInstance(TestContextManager.java:247)
	at org.springframework.test.context.junit.jupiter.SpringExtension.postProcessTestInstance(SpringExtension.java:163)
	at org.junit.jupiter.engine.descriptor.ClassBasedTestDescriptor.lambda$invokeTestInstancePostProcessors$10(ClassBasedTestDescriptor.java:378)
	at org.junit.jupiter.engine.descriptor.ClassBasedTestDescriptor.executeAndMaskThrowable(ClassBasedTestDescriptor.java:383)
	at org.junit.jupiter.engine.descriptor.ClassBasedTestDescriptor.lambda$invokeTestInstancePostProcessors$11(ClassBasedTestDescriptor.java:378)
	at java.base/java.util.stream.ReferencePipeline$3$1.accept(ReferencePipeline.java:215)
	at java.base/java.util.stream.ReferencePipeline$2$1.accept(ReferencePipeline.java:197)
	at java.base/java.util.ArrayList$ArrayListSpliterator.forEachRemaining(ArrayList.java:1716)
	at java.base/java.util.stream.AbstractPipeline.copyInto(AbstractPipeline.java:570)
	at java.base/java.util.stream.AbstractPipeline.wrapAndCopyInto(AbstractPipeline.java:560)
	at java.base/java.util.stream.StreamSpliterators$WrappingSpliterator.forEachRemaining(StreamSpliterators.java:315)
	at java.base/java.util.stream.Streams$ConcatSpliterator.forEachRemaining(Streams.java:735)
	at java.base/java.util.stream.Streams$ConcatSpliterator.forEachRemaining(Streams.java:734)
	at java.base/java.util.stream.ReferencePipeline$Head.forEach(ReferencePipeline.java:807)
	at org.junit.jupiter.engine.descriptor.ClassBasedTestDescriptor.invokeTestInstancePostProcessors(ClassBasedTestDescriptor.java:377)
	at org.junit.jupiter.engine.descriptor.ClassBasedTestDescriptor.lambda$instantiateAndPostProcessTestInstance$6(ClassBasedTestDescriptor.java:290)
	at org.junit.platform.engine.support.hierarchical.ThrowableCollector.execute(ThrowableCollector.java:73)
	at org.junit.jupiter.engine.descriptor.ClassBasedTestDescriptor.instantiateAndPostProcessTestInstance(ClassBasedTestDescriptor.java:289)
	at org.junit.jupiter.engine.descriptor.ClassBasedTestDescriptor.lambda$testInstancesProvider$4(ClassBasedTestDescriptor.java:279)
	at java.base/java.util.Optional.orElseGet(Optional.java:364)
	at org.junit.jupiter.engine.descriptor.ClassBasedTestDescriptor.lambda$testInstancesProvider$5(ClassBasedTestDescriptor.java:278)
	at org.junit.jupiter.engine.execution.TestInstancesProvider.getTestInstances(TestInstancesProvider.java:31)
	at org.junit.jupiter.engine.descriptor.TestMethodTestDescriptor.lambda$prepare$0(TestMethodTestDescriptor.java:106)
	at org.junit.platform.engine.support.hierarchical.ThrowableCollector.execute(ThrowableCollector.java:73)
	at org.junit.jupiter.engine.descriptor.TestMethodTestDescriptor.prepare(TestMethodTestDescriptor.java:105)
	at org.junit.jupiter.engine.descriptor.TestMethodTestDescriptor.prepare(TestMethodTestDescriptor.java:69)
	at org.junit.platform.engine.support.hierarchical.NodeTestTask.lambda$prepare$2(NodeTestTask.java:123)
	at org.junit.platform.engine.support.hierarchical.ThrowableCollector.execute(ThrowableCollector.java:73)
	at org.junit.platform.engine.support.hierarchical.NodeTestTask.prepare(NodeTestTask.java:123)
	at org.junit.platform.engine.support.hierarchical.NodeTestTask.execute(NodeTestTask.java:90)
	at java.base/java.util.ArrayList.forEach(ArrayList.java:1604)
	at org.junit.platform.engine.support.hierarchical.SameThreadHierarchicalTestExecutorService.invokeAll(SameThreadHierarchicalTestExecutorService.java:41)
	at org.junit.platform.engine.support.hierarchical.NodeTestTask.lambda$executeRecursively$6(NodeTestTask.java:155)
	at org.junit.platform.engine.support.hierarchical.ThrowableCollector.execute(ThrowableCollector.java:73)
	at org.junit.platform.engine.support.hierarchical.NodeTestTask.lambda$executeRecursively$8(NodeTestTask.java:141)
	at org.junit.platform.engine.support.hierarchical.Node.around(Node.java:137)
	at org.junit.platform.engine.support.hierarchical.NodeTestTask.lambda$executeRecursively$9(NodeTestTask.java:139)
	at org.junit.platform.engine.support.hierarchical.ThrowableCollector.execute(ThrowableCollector.java:73)
	at org.junit.platform.engine.support.hierarchical.NodeTestTask.executeRecursively(NodeTestTask.java:138)
	at org.junit.platform.engine.support.hierarchical.NodeTestTask.execute(NodeTestTask.java:95)
	at java.base/java.util.ArrayList.forEach(ArrayList.java:1604)
	at org.junit.platform.engine.support.hierarchical.SameThreadHierarchicalTestExecutorService.invokeAll(SameThreadHierarchicalTestExecutorService.java:41)
	at org.junit.platform.engine.support.hierarchical.NodeTestTask.lambda$executeRecursively$6(NodeTestTask.java:155)
	at org.junit.platform.engine.support.hierarchical.ThrowableCollector.execute(ThrowableCollector.java:73)
	at org.junit.platform.engine.support.hierarchical.NodeTestTask.lambda$executeRecursively$8(NodeTestTask.java:141)
	at org.junit.platform.engine.support.hierarchical.Node.around(Node.java:137)
	at org.junit.platform.engine.support.hierarchical.NodeTestTask.lambda$executeRecursively$9(NodeTestTask.java:139)
	at org.junit.platform.engine.support.hierarchical.ThrowableCollector.execute(ThrowableCollector.java:73)
	at org.junit.platform.engine.support.hierarchical.NodeTestTask.executeRecursively(NodeTestTask.java:138)
	at org.junit.platform.engine.support.hierarchical.NodeTestTask.execute(NodeTestTask.java:95)
	at org.junit.platform.engine.support.hierarchical.SameThreadHierarchicalTestExecutorService.submit(SameThreadHierarchicalTestExecutorService.java:35)
	at org.junit.platform.engine.support.hierarchical.HierarchicalTestExecutor.execute(HierarchicalTestExecutor.java:57)
	at org.junit.platform.engine.support.hierarchical.HierarchicalTestEngine.execute(HierarchicalTestEngine.java:54)
	at org.junit.platform.launcher.core.EngineExecutionOrchestrator.execute(EngineExecutionOrchestrator.java:198)
	at org.junit.platform.launcher.core.EngineExecutionOrchestrator.execute(EngineExecutionOrchestrator.java:169)
	at org.junit.platform.launcher.core.EngineExecutionOrchestrator.execute(EngineExecutionOrchestrator.java:93)
	at org.junit.platform.launcher.core.EngineExecutionOrchestrator.lambda$execute$0(EngineExecutionOrchestrator.java:58)
	at org.junit.platform.launcher.core.EngineExecutionOrchestrator.withInterceptedStreams(EngineExecutionOrchestrator.java:141)
	at org.junit.platform.launcher.core.EngineExecutionOrchestrator.execute(EngineExecutionOrchestrator.java:57)
	at org.junit.platform.launcher.core.DefaultLauncher.execute(DefaultLauncher.java:103)
	at org.junit.platform.launcher.core.DefaultLauncher.execute(DefaultLauncher.java:85)
	at org.junit.platform.launcher.core.DelegatingLauncher.execute(DelegatingLauncher.java:47)
	at org.apache.maven.surefire.junitplatform.LazyLauncher.execute(LazyLauncher.java:56)
	at org.apache.maven.surefire.junitplatform.JUnitPlatformProvider.execute(JUnitPlatformProvider.java:184)
	at org.apache.maven.surefire.junitplatform.JUnitPlatformProvider.invokeAllTests(JUnitPlatformProvider.java:148)
	at org.apache.maven.surefire.junitplatform.JUnitPlatformProvider.invoke(JUnitPlatformProvider.java:122)
	at org.apache.maven.surefire.booter.ForkedBooter.runSuitesInProcess(ForkedBooter.java:385)
	at org.apache.maven.surefire.booter.ForkedBooter.execute(ForkedBooter.java:162)
	at org.apache.maven.surefire.booter.ForkedBooter.run(ForkedBooter.java:507)
	at org.apache.maven.surefire.booter.ForkedBooter.main(ForkedBooter.java:495)
2025-11-11 23:05:27 - The following 1 profile is active: "test"
ERROR StatusConsoleListener An exception occurred processing Appender File
 java.nio.file.InvalidPathException: Illegal char <:> at index 5: ${sys:LOG_PATH}\2025-11
	at java.base/sun.nio.fs.WindowsPathParser.normalize(WindowsPathParser.java:204)
	at java.base/sun.nio.fs.WindowsPathParser.parse(WindowsPathParser.java:175)
	at java.base/sun.nio.fs.WindowsPathParser.parse(WindowsPathParser.java:77)
	at java.base/sun.nio.fs.WindowsPath.parse(WindowsPath.java:92)
	at java.base/sun.nio.fs.WindowsFileSystem.getPath(WindowsFileSystem.java:203)
	at java.base/java.io.File.toPath(File.java:2097)
	at org.apache.logging.log4j.core.appender.rolling.AbstractRolloverStrategy.getEligibleFiles(AbstractRolloverStrategy.java:122)
	at org.apache.logging.log4j.core.appender.rolling.AbstractRolloverStrategy.getEligibleFiles(AbstractRolloverStrategy.java:96)
	at org.apache.logging.log4j.core.appender.rolling.AbstractRolloverStrategy.getEligibleFiles(AbstractRolloverStrategy.java:87)
	at org.apache.logging.log4j.core.appender.rolling.DefaultRolloverStrategy.purgeAscending(DefaultRolloverStrategy.java:415)
	at org.apache.logging.log4j.core.appender.rolling.DefaultRolloverStrategy.purge(DefaultRolloverStrategy.java:402)
	at org.apache.logging.log4j.core.appender.rolling.DefaultRolloverStrategy.rollover(DefaultRolloverStrategy.java:532)
	at org.apache.logging.log4j.core.appender.rolling.RollingFileManager.rollover(RollingFileManager.java:504)
	at org.apache.logging.log4j.core.appender.rolling.RollingFileManager.rollover(RollingFileManager.java:394)
	at org.apache.logging.log4j.core.appender.rolling.RollingFileManager.checkRollover(RollingFileManager.java:308)
	at org.apache.logging.log4j.core.appender.RollingFileAppender.append(RollingFileAppender.java:300)
	at org.apache.logging.log4j.core.config.AppenderControl.tryCallAppender(AppenderControl.java:161)
	at org.apache.logging.log4j.core.config.AppenderControl.callAppender0(AppenderControl.java:134)
	at org.apache.logging.log4j.core.config.AppenderControl.callAppenderPreventRecursion(AppenderControl.java:125)
	at org.apache.logging.log4j.core.config.AppenderControl.callAppender(AppenderControl.java:89)
	at org.apache.logging.log4j.core.config.LoggerConfig.callAppenders(LoggerConfig.java:686)
	at org.apache.logging.log4j.core.config.LoggerConfig.processLogEvent(LoggerConfig.java:644)
	at org.apache.logging.log4j.core.config.LoggerConfig.log(LoggerConfig.java:620)
	at org.apache.logging.log4j.core.config.LoggerConfig.logParent(LoggerConfig.java:677)
	at org.apache.logging.log4j.core.config.LoggerConfig.processLogEvent(LoggerConfig.java:646)
	at org.apache.logging.log4j.core.config.LoggerConfig.log(LoggerConfig.java:620)
	at org.apache.logging.log4j.core.config.LoggerConfig.log(LoggerConfig.java:556)
	at org.apache.logging.log4j.core.config.DefaultReliabilityStrategy.log(DefaultReliabilityStrategy.java:62)
	at org.apache.logging.log4j.core.Logger.log(Logger.java:163)
	at org.apache.logging.log4j.spi.AbstractLogger.tryLogMessage(AbstractLogger.java:2165)
	at org.apache.logging.log4j.spi.AbstractLogger.logMessageTrackRecursion(AbstractLogger.java:2119)
	at org.apache.logging.log4j.spi.AbstractLogger.logMessageSafely(AbstractLogger.java:2102)
	at org.apache.logging.log4j.spi.AbstractLogger.logMessage(AbstractLogger.java:1982)
	at org.apache.logging.log4j.spi.AbstractLogger.logIfEnabled(AbstractLogger.java:1835)
	at org.apache.commons.logging.LogAdapter$Log4jLog.log(LogAdapter.java:260)
	at org.apache.commons.logging.LogAdapter$Log4jLog.info(LogAdapter.java:224)
	at org.springframework.boot.SpringApplication.logStartupProfileInfo(SpringApplication.java:659)
	at org.springframework.boot.SpringApplication.prepareContext(SpringApplication.java:402)
	at org.springframework.boot.SpringApplication.run(SpringApplication.java:322)
	at org.springframework.boot.test.context.SpringBootContextLoader.lambda$loadContext$3(SpringBootContextLoader.java:137)
	at org.springframework.util.function.ThrowingSupplier.get(ThrowingSupplier.java:58)
	at org.springframework.util.function.ThrowingSupplier.get(ThrowingSupplier.java:46)
	at org.springframework.boot.SpringApplication.withHook(SpringApplication.java:1442)
	at org.springframework.boot.test.context.SpringBootContextLoader$ContextLoaderHook.run(SpringBootContextLoader.java:552)
	at org.springframework.boot.test.context.SpringBootContextLoader.loadContext(SpringBootContextLoader.java:137)
	at org.springframework.boot.test.context.SpringBootContextLoader.loadContext(SpringBootContextLoader.java:108)
	at org.springframework.test.context.cache.DefaultCacheAwareContextLoaderDelegate.loadContextInternal(DefaultCacheAwareContextLoaderDelegate.java:225)
	at org.springframework.test.context.cache.DefaultCacheAwareContextLoaderDelegate.loadContext(DefaultCacheAwareContextLoaderDelegate.java:152)
	at org.springframework.test.context.support.DefaultTestContext.getApplicationContext(DefaultTestContext.java:130)
	at org.springframework.test.context.web.ServletTestExecutionListener.setUpRequestContextIfNecessary(ServletTestExecutionListener.java:191)
	at org.springframework.test.context.web.ServletTestExecutionListener.prepareTestInstance(ServletTestExecutionListener.java:130)
	at org.springframework.test.context.TestContextManager.prepareTestInstance(TestContextManager.java:247)
	at org.springframework.test.context.junit.jupiter.SpringExtension.postProcessTestInstance(SpringExtension.java:163)
	at org.junit.jupiter.engine.descriptor.ClassBasedTestDescriptor.lambda$invokeTestInstancePostProcessors$10(ClassBasedTestDescriptor.java:378)
	at org.junit.jupiter.engine.descriptor.ClassBasedTestDescriptor.executeAndMaskThrowable(ClassBasedTestDescriptor.java:383)
	at org.junit.jupiter.engine.descriptor.ClassBasedTestDescriptor.lambda$invokeTestInstancePostProcessors$11(ClassBasedTestDescriptor.java:378)
	at java.base/java.util.stream.ReferencePipeline$3$1.accept(ReferencePipeline.java:215)
	at java.base/java.util.stream.ReferencePipeline$2$1.accept(ReferencePipeline.java:197)
	at java.base/java.util.ArrayList$ArrayListSpliterator.forEachRemaining(ArrayList.java:1716)
	at java.base/java.util.stream.AbstractPipeline.copyInto(AbstractPipeline.java:570)
	at java.base/java.util.stream.AbstractPipeline.wrapAndCopyInto(AbstractPipeline.java:560)
	at java.base/java.util.stream.StreamSpliterators$WrappingSpliterator.forEachRemaining(StreamSpliterators.java:315)
	at java.base/java.util.stream.Streams$ConcatSpliterator.forEachRemaining(Streams.java:735)
	at java.base/java.util.stream.Streams$ConcatSpliterator.forEachRemaining(Streams.java:734)
	at java.base/java.util.stream.ReferencePipeline$Head.forEach(ReferencePipeline.java:807)
	at org.junit.jupiter.engine.descriptor.ClassBasedTestDescriptor.invokeTestInstancePostProcessors(ClassBasedTestDescriptor.java:377)
	at org.junit.jupiter.engine.descriptor.ClassBasedTestDescriptor.lambda$instantiateAndPostProcessTestInstance$6(ClassBasedTestDescriptor.java:290)
	at org.junit.platform.engine.support.hierarchical.ThrowableCollector.execute(ThrowableCollector.java:73)
	at org.junit.jupiter.engine.descriptor.ClassBasedTestDescriptor.instantiateAndPostProcessTestInstance(ClassBasedTestDescriptor.java:289)
	at org.junit.jupiter.engine.descriptor.ClassBasedTestDescriptor.lambda$testInstancesProvider$4(ClassBasedTestDescriptor.java:279)
	at java.base/java.util.Optional.orElseGet(Optional.java:364)
	at org.junit.jupiter.engine.descriptor.ClassBasedTestDescriptor.lambda$testInstancesProvider$5(ClassBasedTestDescriptor.java:278)
	at org.junit.jupiter.engine.execution.TestInstancesProvider.getTestInstances(TestInstancesProvider.java:31)
	at org.junit.jupiter.engine.descriptor.TestMethodTestDescriptor.lambda$prepare$0(TestMethodTestDescriptor.java:106)
	at org.junit.platform.engine.support.hierarchical.ThrowableCollector.execute(ThrowableCollector.java:73)
	at org.junit.jupiter.engine.descriptor.TestMethodTestDescriptor.prepare(TestMethodTestDescriptor.java:105)
	at org.junit.jupiter.engine.descriptor.TestMethodTestDescriptor.prepare(TestMethodTestDescriptor.java:69)
	at org.junit.platform.engine.support.hierarchical.NodeTestTask.lambda$prepare$2(NodeTestTask.java:123)
	at org.junit.platform.engine.support.hierarchical.ThrowableCollector.execute(ThrowableCollector.java:73)
	at org.junit.platform.engine.support.hierarchical.NodeTestTask.prepare(NodeTestTask.java:123)
	at org.junit.platform.engine.support.hierarchical.NodeTestTask.execute(NodeTestTask.java:90)
	at java.base/java.util.ArrayList.forEach(ArrayList.java:1604)
	at org.junit.platform.engine.support.hierarchical.SameThreadHierarchicalTestExecutorService.invokeAll(SameThreadHierarchicalTestExecutorService.java:41)
	at org.junit.platform.engine.support.hierarchical.NodeTestTask.lambda$executeRecursively$6(NodeTestTask.java:155)
	at org.junit.platform.engine.support.hierarchical.ThrowableCollector.execute(ThrowableCollector.java:73)
	at org.junit.platform.engine.support.hierarchical.NodeTestTask.lambda$executeRecursively$8(NodeTestTask.java:141)
	at org.junit.platform.engine.support.hierarchical.Node.around(Node.java:137)
	at org.junit.platform.engine.support.hierarchical.NodeTestTask.lambda$executeRecursively$9(NodeTestTask.java:139)
	at org.junit.platform.engine.support.hierarchical.ThrowableCollector.execute(ThrowableCollector.java:73)
	at org.junit.platform.engine.support.hierarchical.NodeTestTask.executeRecursively(NodeTestTask.java:138)
	at org.junit.platform.engine.support.hierarchical.NodeTestTask.execute(NodeTestTask.java:95)
	at java.base/java.util.ArrayList.forEach(ArrayList.java:1604)
	at org.junit.platform.engine.support.hierarchical.SameThreadHierarchicalTestExecutorService.invokeAll(SameThreadHierarchicalTestExecutorService.java:41)
	at org.junit.platform.engine.support.hierarchical.NodeTestTask.lambda$executeRecursively$6(NodeTestTask.java:155)
	at org.junit.platform.engine.support.hierarchical.ThrowableCollector.execute(ThrowableCollector.java:73)
	at org.junit.platform.engine.support.hierarchical.NodeTestTask.lambda$executeRecursively$8(NodeTestTask.java:141)
	at org.junit.platform.engine.support.hierarchical.Node.around(Node.java:137)
	at org.junit.platform.engine.support.hierarchical.NodeTestTask.lambda$executeRecursively$9(NodeTestTask.java:139)
	at org.junit.platform.engine.support.hierarchical.ThrowableCollector.execute(ThrowableCollector.java:73)
	at org.junit.platform.engine.support.hierarchical.NodeTestTask.executeRecursively(NodeTestTask.java:138)
	at org.junit.platform.engine.support.hierarchical.NodeTestTask.execute(NodeTestTask.java:95)
	at org.junit.platform.engine.support.hierarchical.SameThreadHierarchicalTestExecutorService.submit(SameThreadHierarchicalTestExecutorService.java:35)
	at org.junit.platform.engine.support.hierarchical.HierarchicalTestExecutor.execute(HierarchicalTestExecutor.java:57)
	at org.junit.platform.engine.support.hierarchical.HierarchicalTestEngine.execute(HierarchicalTestEngine.java:54)
	at org.junit.platform.launcher.core.EngineExecutionOrchestrator.execute(EngineExecutionOrchestrator.java:198)
	at org.junit.platform.launcher.core.EngineExecutionOrchestrator.execute(EngineExecutionOrchestrator.java:169)
	at org.junit.platform.launcher.core.EngineExecutionOrchestrator.execute(EngineExecutionOrchestrator.java:93)
	at org.junit.platform.launcher.core.EngineExecutionOrchestrator.lambda$execute$0(EngineExecutionOrchestrator.java:58)
	at org.junit.platform.launcher.core.EngineExecutionOrchestrator.withInterceptedStreams(EngineExecutionOrchestrator.java:141)
	at org.junit.platform.launcher.core.EngineExecutionOrchestrator.execute(EngineExecutionOrchestrator.java:57)
	at org.junit.platform.launcher.core.DefaultLauncher.execute(DefaultLauncher.java:103)
	at org.junit.platform.launcher.core.DefaultLauncher.execute(DefaultLauncher.java:85)
	at org.junit.platform.launcher.core.DelegatingLauncher.execute(DelegatingLauncher.java:47)
	at org.apache.maven.surefire.junitplatform.LazyLauncher.execute(LazyLauncher.java:56)
	at org.apache.maven.surefire.junitplatform.JUnitPlatformProvider.execute(JUnitPlatformProvider.java:184)
	at org.apache.maven.surefire.junitplatform.JUnitPlatformProvider.invokeAllTests(JUnitPlatformProvider.java:148)
	at org.apache.maven.surefire.junitplatform.JUnitPlatformProvider.invoke(JUnitPlatformProvider.java:122)
	at org.apache.maven.surefire.booter.ForkedBooter.runSuitesInProcess(ForkedBooter.java:385)
	at org.apache.maven.surefire.booter.ForkedBooter.execute(ForkedBooter.java:162)
	at org.apache.maven.surefire.booter.ForkedBooter.run(ForkedBooter.java:507)
	at org.apache.maven.surefire.booter.ForkedBooter.main(ForkedBooter.java:495)
2025-11-11 23:05:27 - Loading source class com.inventario.MobileApiApplication
ERROR StatusConsoleListener An exception occurred processing Appender File
 java.nio.file.InvalidPathException: Illegal char <:> at index 5: ${sys:LOG_PATH}\2025-11
	at java.base/sun.nio.fs.WindowsPathParser.normalize(WindowsPathParser.java:204)
	at java.base/sun.nio.fs.WindowsPathParser.parse(WindowsPathParser.java:175)
	at java.base/sun.nio.fs.WindowsPathParser.parse(WindowsPathParser.java:77)
	at java.base/sun.nio.fs.WindowsPath.parse(WindowsPath.java:92)
	at java.base/sun.nio.fs.WindowsFileSystem.getPath(WindowsFileSystem.java:203)
	at java.base/java.io.File.toPath(File.java:2097)
	at org.apache.logging.log4j.core.appender.rolling.AbstractRolloverStrategy.getEligibleFiles(AbstractRolloverStrategy.java:122)
	at org.apache.logging.log4j.core.appender.rolling.AbstractRolloverStrategy.getEligibleFiles(AbstractRolloverStrategy.java:96)
	at org.apache.logging.log4j.core.appender.rolling.AbstractRolloverStrategy.getEligibleFiles(AbstractRolloverStrategy.java:87)
	at org.apache.logging.log4j.core.appender.rolling.DefaultRolloverStrategy.purgeAscending(DefaultRolloverStrategy.java:415)
	at org.apache.logging.log4j.core.appender.rolling.DefaultRolloverStrategy.purge(DefaultRolloverStrategy.java:402)
	at org.apache.logging.log4j.core.appender.rolling.DefaultRolloverStrategy.rollover(DefaultRolloverStrategy.java:532)
	at org.apache.logging.log4j.core.appender.rolling.RollingFileManager.rollover(RollingFileManager.java:504)
	at org.apache.logging.log4j.core.appender.rolling.RollingFileManager.rollover(RollingFileManager.java:394)
	at org.apache.logging.log4j.core.appender.rolling.RollingFileManager.checkRollover(RollingFileManager.java:308)
	at org.apache.logging.log4j.core.appender.RollingFileAppender.append(RollingFileAppender.java:300)
	at org.apache.logging.log4j.core.config.AppenderControl.tryCallAppender(AppenderControl.java:161)
	at org.apache.logging.log4j.core.config.AppenderControl.callAppender0(AppenderControl.java:134)
	at org.apache.logging.log4j.core.config.AppenderControl.callAppenderPreventRecursion(AppenderControl.java:125)
	at org.apache.logging.log4j.core.config.AppenderControl.callAppender(AppenderControl.java:89)
	at org.apache.logging.log4j.core.config.LoggerConfig.callAppenders(LoggerConfig.java:686)
	at org.apache.logging.log4j.core.config.LoggerConfig.processLogEvent(LoggerConfig.java:644)
	at org.apache.logging.log4j.core.config.LoggerConfig.log(LoggerConfig.java:620)
	at org.apache.logging.log4j.core.config.LoggerConfig.logParent(LoggerConfig.java:677)
	at org.apache.logging.log4j.core.config.LoggerConfig.processLogEvent(LoggerConfig.java:646)
	at org.apache.logging.log4j.core.config.LoggerConfig.log(LoggerConfig.java:620)
	at org.apache.logging.log4j.core.config.LoggerConfig.log(LoggerConfig.java:556)
	at org.apache.logging.log4j.core.config.DefaultReliabilityStrategy.log(DefaultReliabilityStrategy.java:62)
	at org.apache.logging.log4j.core.Logger.log(Logger.java:163)
	at org.apache.logging.log4j.spi.AbstractLogger.tryLogMessage(AbstractLogger.java:2165)
	at org.apache.logging.log4j.spi.AbstractLogger.logMessageTrackRecursion(AbstractLogger.java:2119)
	at org.apache.logging.log4j.spi.AbstractLogger.logMessageSafely(AbstractLogger.java:2102)
	at org.apache.logging.log4j.spi.AbstractLogger.logMessage(AbstractLogger.java:1982)
	at org.apache.logging.log4j.spi.AbstractLogger.logIfEnabled(AbstractLogger.java:1835)
	at org.apache.commons.logging.LogAdapter$Log4jLog.log(LogAdapter.java:260)
	at org.apache.commons.logging.LogAdapter$Log4jLog.debug(LogAdapter.java:234)
	at org.springframework.boot.SpringApplication.load(SpringApplication.java:686)
	at org.springframework.boot.SpringApplication.prepareContext(SpringApplication.java:429)
	at org.springframework.boot.SpringApplication.run(SpringApplication.java:322)
	at org.springframework.boot.test.context.SpringBootContextLoader.lambda$loadContext$3(SpringBootContextLoader.java:137)
	at org.springframework.util.function.ThrowingSupplier.get(ThrowingSupplier.java:58)
	at org.springframework.util.function.ThrowingSupplier.get(ThrowingSupplier.java:46)
	at org.springframework.boot.SpringApplication.withHook(SpringApplication.java:1442)
	at org.springframework.boot.test.context.SpringBootContextLoader$ContextLoaderHook.run(SpringBootContextLoader.java:552)
	at org.springframework.boot.test.context.SpringBootContextLoader.loadContext(SpringBootContextLoader.java:137)
	at org.springframework.boot.test.context.SpringBootContextLoader.loadContext(SpringBootContextLoader.java:108)
	at org.springframework.test.context.cache.DefaultCacheAwareContextLoaderDelegate.loadContextInternal(DefaultCacheAwareContextLoaderDelegate.java:225)
	at org.springframework.test.context.cache.DefaultCacheAwareContextLoaderDelegate.loadContext(DefaultCacheAwareContextLoaderDelegate.java:152)
	at org.springframework.test.context.support.DefaultTestContext.getApplicationContext(DefaultTestContext.java:130)
	at org.springframework.test.context.web.ServletTestExecutionListener.setUpRequestContextIfNecessary(ServletTestExecutionListener.java:191)
	at org.springframework.test.context.web.ServletTestExecutionListener.prepareTestInstance(ServletTestExecutionListener.java:130)
	at org.springframework.test.context.TestContextManager.prepareTestInstance(TestContextManager.java:247)
	at org.springframework.test.context.junit.jupiter.SpringExtension.postProcessTestInstance(SpringExtension.java:163)
	at org.junit.jupiter.engine.descriptor.ClassBasedTestDescriptor.lambda$invokeTestInstancePostProcessors$10(ClassBasedTestDescriptor.java:378)
	at org.junit.jupiter.engine.descriptor.ClassBasedTestDescriptor.executeAndMaskThrowable(ClassBasedTestDescriptor.java:383)
	at org.junit.jupiter.engine.descriptor.ClassBasedTestDescriptor.lambda$invokeTestInstancePostProcessors$11(ClassBasedTestDescriptor.java:378)
	at java.base/java.util.stream.ReferencePipeline$3$1.accept(ReferencePipeline.java:215)
	at java.base/java.util.stream.ReferencePipeline$2$1.accept(ReferencePipeline.java:197)
	at java.base/java.util.ArrayList$ArrayListSpliterator.forEachRemaining(ArrayList.java:1716)
	at java.base/java.util.stream.AbstractPipeline.copyInto(AbstractPipeline.java:570)
	at java.base/java.util.stream.AbstractPipeline.wrapAndCopyInto(AbstractPipeline.java:560)
	at java.base/java.util.stream.StreamSpliterators$WrappingSpliterator.forEachRemaining(StreamSpliterators.java:315)
	at java.base/java.util.stream.Streams$ConcatSpliterator.forEachRemaining(Streams.java:735)
	at java.base/java.util.stream.Streams$ConcatSpliterator.forEachRemaining(Streams.java:734)
	at java.base/java.util.stream.ReferencePipeline$Head.forEach(ReferencePipeline.java:807)
	at org.junit.jupiter.engine.descriptor.ClassBasedTestDescriptor.invokeTestInstancePostProcessors(ClassBasedTestDescriptor.java:377)
	at org.junit.jupiter.engine.descriptor.ClassBasedTestDescriptor.lambda$instantiateAndPostProcessTestInstance$6(ClassBasedTestDescriptor.java:290)
	at org.junit.platform.engine.support.hierarchical.ThrowableCollector.execute(ThrowableCollector.java:73)
	at org.junit.jupiter.engine.descriptor.ClassBasedTestDescriptor.instantiateAndPostProcessTestInstance(ClassBasedTestDescriptor.java:289)
	at org.junit.jupiter.engine.descriptor.ClassBasedTestDescriptor.lambda$testInstancesProvider$4(ClassBasedTestDescriptor.java:279)
	at java.base/java.util.Optional.orElseGet(Optional.java:364)
	at org.junit.jupiter.engine.descriptor.ClassBasedTestDescriptor.lambda$testInstancesProvider$5(ClassBasedTestDescriptor.java:278)
	at org.junit.jupiter.engine.execution.TestInstancesProvider.getTestInstances(TestInstancesProvider.java:31)
	at org.junit.jupiter.engine.descriptor.TestMethodTestDescriptor.lambda$prepare$0(TestMethodTestDescriptor.java:106)
	at org.junit.platform.engine.support.hierarchical.ThrowableCollector.execute(ThrowableCollector.java:73)
	at org.junit.jupiter.engine.descriptor.TestMethodTestDescriptor.prepare(TestMethodTestDescriptor.java:105)
	at org.junit.jupiter.engine.descriptor.TestMethodTestDescriptor.prepare(TestMethodTestDescriptor.java:69)
	at org.junit.platform.engine.support.hierarchical.NodeTestTask.lambda$prepare$2(NodeTestTask.java:123)
	at org.junit.platform.engine.support.hierarchical.ThrowableCollector.execute(ThrowableCollector.java:73)
	at org.junit.platform.engine.support.hierarchical.NodeTestTask.prepare(NodeTestTask.java:123)
	at org.junit.platform.engine.support.hierarchical.NodeTestTask.execute(NodeTestTask.java:90)
	at java.base/java.util.ArrayList.forEach(ArrayList.java:1604)
	at org.junit.platform.engine.support.hierarchical.SameThreadHierarchicalTestExecutorService.invokeAll(SameThreadHierarchicalTestExecutorService.java:41)
	at org.junit.platform.engine.support.hierarchical.NodeTestTask.lambda$executeRecursively$6(NodeTestTask.java:155)
	at org.junit.platform.engine.support.hierarchical.ThrowableCollector.execute(ThrowableCollector.java:73)
	at org.junit.platform.engine.support.hierarchical.NodeTestTask.lambda$executeRecursively$8(NodeTestTask.java:141)
	at org.junit.platform.engine.support.hierarchical.Node.around(Node.java:137)
	at org.junit.platform.engine.support.hierarchical.NodeTestTask.lambda$executeRecursively$9(NodeTestTask.java:139)
	at org.junit.platform.engine.support.hierarchical.ThrowableCollector.execute(ThrowableCollector.java:73)
	at org.junit.platform.engine.support.hierarchical.NodeTestTask.executeRecursively(NodeTestTask.java:138)
	at org.junit.platform.engine.support.hierarchical.NodeTestTask.execute(NodeTestTask.java:95)
	at java.base/java.util.ArrayList.forEach(ArrayList.java:1604)
	at org.junit.platform.engine.support.hierarchical.SameThreadHierarchicalTestExecutorService.invokeAll(SameThreadHierarchicalTestExecutorService.java:41)
	at org.junit.platform.engine.support.hierarchical.NodeTestTask.lambda$executeRecursively$6(NodeTestTask.java:155)
	at org.junit.platform.engine.support.hierarchical.ThrowableCollector.execute(ThrowableCollector.java:73)
	at org.junit.platform.engine.support.hierarchical.NodeTestTask.lambda$executeRecursively$8(NodeTestTask.java:141)
	at org.junit.platform.engine.support.hierarchical.Node.around(Node.java:137)
	at org.junit.platform.engine.support.hierarchical.NodeTestTask.lambda$executeRecursively$9(NodeTestTask.java:139)
	at org.junit.platform.engine.support.hierarchical.ThrowableCollector.execute(ThrowableCollector.java:73)
	at org.junit.platform.engine.support.hierarchical.NodeTestTask.executeRecursively(NodeTestTask.java:138)
	at org.junit.platform.engine.support.hierarchical.NodeTestTask.execute(NodeTestTask.java:95)
	at org.junit.platform.engine.support.hierarchical.SameThreadHierarchicalTestExecutorService.submit(SameThreadHierarchicalTestExecutorService.java:35)
	at org.junit.platform.engine.support.hierarchical.HierarchicalTestExecutor.execute(HierarchicalTestExecutor.java:57)
	at org.junit.platform.engine.support.hierarchical.HierarchicalTestEngine.execute(HierarchicalTestEngine.java:54)
	at org.junit.platform.launcher.core.EngineExecutionOrchestrator.execute(EngineExecutionOrchestrator.java:198)
	at org.junit.platform.launcher.core.EngineExecutionOrchestrator.execute(EngineExecutionOrchestrator.java:169)
	at org.junit.platform.launcher.core.EngineExecutionOrchestrator.execute(EngineExecutionOrchestrator.java:93)
	at org.junit.platform.launcher.core.EngineExecutionOrchestrator.lambda$execute$0(EngineExecutionOrchestrator.java:58)
	at org.junit.platform.launcher.core.EngineExecutionOrchestrator.withInterceptedStreams(EngineExecutionOrchestrator.java:141)
	at org.junit.platform.launcher.core.EngineExecutionOrchestrator.execute(EngineExecutionOrchestrator.java:57)
	at org.junit.platform.launcher.core.DefaultLauncher.execute(DefaultLauncher.java:103)
	at org.junit.platform.launcher.core.DefaultLauncher.execute(DefaultLauncher.java:85)
	at org.junit.platform.launcher.core.DelegatingLauncher.execute(DelegatingLauncher.java:47)
	at org.apache.maven.surefire.junitplatform.LazyLauncher.execute(LazyLauncher.java:56)
	at org.apache.maven.surefire.junitplatform.JUnitPlatformProvider.execute(JUnitPlatformProvider.java:184)
	at org.apache.maven.surefire.junitplatform.JUnitPlatformProvider.invokeAllTests(JUnitPlatformProvider.java:148)
	at org.apache.maven.surefire.junitplatform.JUnitPlatformProvider.invoke(JUnitPlatformProvider.java:122)
	at org.apache.maven.surefire.booter.ForkedBooter.runSuitesInProcess(ForkedBooter.java:385)
	at org.apache.maven.surefire.booter.ForkedBooter.execute(ForkedBooter.java:162)
	at org.apache.maven.surefire.booter.ForkedBooter.run(ForkedBooter.java:507)
	at org.apache.maven.surefire.booter.ForkedBooter.main(ForkedBooter.java:495)
2025-11-11 23:05:27 - Creating shared instance of singleton bean 'org.springframework.context.annotation.internalConfigurationAnnotationProcessor'
2025-11-11 23:05:27 - Creating shared instance of singleton bean 'org.springframework.boot.autoconfigure.internalCachingMetadataReaderFactory'
2025-11-11 23:05:27 - Identified candidate component class: file [D:\MASTER_INVENTARIO\target\classes\com\inventario\mobile\server\config\CorsConfig.class]
2025-11-11 23:05:27 - Identified candidate component class: file [D:\MASTER_INVENTARIO\target\classes\com\inventario\mobile\server\config\DeviceTrackingInterceptor.class]
2025-11-11 23:05:27 - Identified candidate component class: file [D:\MASTER_INVENTARIO\target\classes\com\inventario\mobile\server\config\MobileSecurityConfig.class]
2025-11-11 23:05:27 - Identified candidate component class: file [D:\MASTER_INVENTARIO\target\classes\com\inventario\mobile\server\config\MobileServerConfig.class]
2025-11-11 23:05:27 - Identified candidate component class: file [D:\MASTER_INVENTARIO\target\classes\com\inventario\mobile\server\config\RequestLoggingFilter.class]
2025-11-11 23:05:27 - Identified candidate component class: file [D:\MASTER_INVENTARIO\target\classes\com\inventario\mobile\server\config\WebMvcConfig.class]
2025-11-11 23:05:27 - Identified candidate component class: file [D:\MASTER_INVENTARIO\target\classes\com\inventario\mobile\server\controller\MobileAuthController.class]
2025-11-11 23:05:27 - Identified candidate component class: file [D:\MASTER_INVENTARIO\target\classes\com\inventario\mobile\server\controller\MobileColetaController.class]
2025-11-11 23:05:27 - Identified candidate component class: file [D:\MASTER_INVENTARIO\target\classes\com\inventario\mobile\server\controller\MobileConnectionController.class]
2025-11-11 23:05:27 - Identified candidate component class: file [D:\MASTER_INVENTARIO\target\classes\com\inventario\mobile\server\controller\MobileDashboardController.class]
2025-11-11 23:05:27 - Identified candidate component class: file [D:\MASTER_INVENTARIO\target\classes\com\inventario\mobile\server\controller\MobileDescricaoController.class]
2025-11-11 23:05:27 - Identified candidate component class: file [D:\MASTER_INVENTARIO\target\classes\com\inventario\mobile\server\controller\MobileDispositivoController.class]
2025-11-11 23:05:27 - Identified candidate component class: file [D:\MASTER_INVENTARIO\target\classes\com\inventario\mobile\server\controller\MobileHealthController.class]
2025-11-11 23:05:27 - Identified candidate component class: file [D:\MASTER_INVENTARIO\target\classes\com\inventario\mobile\server\controller\MobilePatrimonioController.class]
2025-11-11 23:05:27 - Identified candidate component class: file [D:\MASTER_INVENTARIO\target\classes\com\inventario\mobile\server\controller\MobileResponsavelController.class]
2025-11-11 23:05:27 - Identified candidate component class: file [D:\MASTER_INVENTARIO\target\classes\com\inventario\mobile\server\controller\MobileSalaController.class]
2025-11-11 23:05:27 - Identified candidate component class: file [D:\MASTER_INVENTARIO\target\classes\com\inventario\mobile\server\controller\MobileSetorController.class]
2025-11-11 23:05:27 - Identified candidate component class: file [D:\MASTER_INVENTARIO\target\classes\com\inventario\mobile\server\controller\MobileSyncController.class]
2025-11-11 23:05:27 - Identified candidate component class: file [D:\MASTER_INVENTARIO\target\classes\com\inventario\mobile\server\controller\MobileUsuarioController.class]
2025-11-11 23:05:27 - Identified candidate component class: file [D:\MASTER_INVENTARIO\target\classes\com\inventario\mobile\server\service\MobileAuthService.class]
2025-11-11 23:05:27 - Identified candidate component class: file [D:\MASTER_INVENTARIO\target\classes\com\inventario\mobile\server\service\MobileColetaService.class]
2025-11-11 23:05:27 - Identified candidate component class: file [D:\MASTER_INVENTARIO\target\classes\com\inventario\mobile\server\service\MobileDashboardService.class]
2025-11-11 23:05:27 - Identified candidate component class: file [D:\MASTER_INVENTARIO\target\classes\com\inventario\mobile\server\service\MobilePatrimonioService.class]
2025-11-11 23:05:27 - Identified candidate component class: file [D:\MASTER_INVENTARIO\target\classes\com\inventario\mobile\server\service\MobileResponsavelService.class]
2025-11-11 23:05:27 - Identified candidate component class: file [D:\MASTER_INVENTARIO\target\classes\com\inventario\mobile\server\service\MobileSalaService.class]
2025-11-11 23:05:27 - Identified candidate component class: file [D:\MASTER_INVENTARIO\target\classes\com\inventario\mobile\server\service\MobileSyncService.class]
2025-11-11 23:05:27 - Identified candidate component class: file [D:\MASTER_INVENTARIO\target\classes\com\inventario\service\AutenticacaoService.class]
2025-11-11 23:05:27 - Identified candidate component class: file [D:\MASTER_INVENTARIO\target\classes\com\inventario\service\ColetaService.class]
2025-11-11 23:05:27 - Identified candidate component class: file [D:\MASTER_INVENTARIO\target\classes\com\inventario\service\DashboardService.class]
2025-11-11 23:05:27 - Identified candidate component class: file [D:\MASTER_INVENTARIO\target\classes\com\inventario\service\InventarioService.class]
2025-11-11 23:05:27 - Identified candidate component class: file [D:\MASTER_INVENTARIO\target\classes\com\inventario\service\MobileConnectionService.class]
2025-11-11 23:05:27 - Identified candidate component class: file [D:\MASTER_INVENTARIO\target\classes\com\inventario\service\ParticipanteInventarioService.class]
2025-11-11 23:05:27 - Identified candidate component class: file [D:\MASTER_INVENTARIO\target\classes\com\inventario\service\PatrimonioService.class]
2025-11-11 23:05:27 - Identified candidate component class: file [D:\MASTER_INVENTARIO\target\classes\com\inventario\service\RelatorioService.class]
2025-11-11 23:05:27 - Identified candidate component class: file [D:\MASTER_INVENTARIO\target\classes\com\inventario\service\ResponsavelService.class]
2025-11-11 23:05:27 - Identified candidate component class: file [D:\MASTER_INVENTARIO\target\classes\com\inventario\service\SalaInventarioService.class]
2025-11-11 23:05:27 - Identified candidate component class: file [D:\MASTER_INVENTARIO\target\classes\com\inventario\service\SalaService.class]
2025-11-11 23:05:27 - Identified candidate component class: file [D:\MASTER_INVENTARIO\target\classes\com\inventario\service\ServiceFactory.class]
2025-11-11 23:05:27 - Identified candidate component class: file [D:\MASTER_INVENTARIO\target\classes\com\inventario\service\SetorService.class]
2025-11-11 23:05:27 - Identified candidate component class: file [D:\MASTER_INVENTARIO\target\classes\com\inventario\service\UsuarioService.class]
2025-11-11 23:05:27 - Identified candidate component class: file [D:\MASTER_INVENTARIO\target\classes\com\inventario\dao\CampusDAO.class]
2025-11-11 23:05:27 - Identified candidate component class: file [D:\MASTER_INVENTARIO\target\classes\com\inventario\dao\ColetaDAO.class]
2025-11-11 23:05:27 - Identified candidate component class: file [D:\MASTER_INVENTARIO\target\classes\com\inventario\dao\DashboardColetaDAO.class]
2025-11-11 23:05:27 - Identified candidate component class: file [D:\MASTER_INVENTARIO\target\classes\com\inventario\dao\InventarioDAO.class]
2025-11-11 23:05:27 - Identified candidate component class: file [D:\MASTER_INVENTARIO\target\classes\com\inventario\dao\InventarioSetorDAO.class]
2025-11-11 23:05:27 - Identified candidate component class: file [D:\MASTER_INVENTARIO\target\classes\com\inventario\dao\ParticipanteInventarioDAO.class]
2025-11-11 23:05:27 - Identified candidate component class: file [D:\MASTER_INVENTARIO\target\classes\com\inventario\dao\PatrimonioDAO.class]
2025-11-11 23:05:27 - Identified candidate component class: file [D:\MASTER_INVENTARIO\target\classes\com\inventario\dao\RelatorioColetaDAO.class]
2025-11-11 23:05:27 - Identified candidate component class: file [D:\MASTER_INVENTARIO\target\classes\com\inventario\dao\ResponsavelDAO.class]
2025-11-11 23:05:27 - Identified candidate component class: file [D:\MASTER_INVENTARIO\target\classes\com\inventario\dao\SalaDAORefactored.class]
2025-11-11 23:05:27 - Identified candidate component class: file [D:\MASTER_INVENTARIO\target\classes\com\inventario\dao\SalaInventarioDAO.class]
2025-11-11 23:05:27 - Identified candidate component class: file [D:\MASTER_INVENTARIO\target\classes\com\inventario\dao\SetorDAORefactored.class]
2025-11-11 23:05:27 - Identified candidate component class: file [D:\MASTER_INVENTARIO\target\classes\com\inventario\dao\UsuarioDAORefactored.class]
2025-11-11 23:05:27 - Identified candidate component class: file [D:\MASTER_INVENTARIO\target\classes\com\inventario\config\AsyncConfig.class]
2025-11-11 23:05:27 - Identified candidate component class: file [D:\MASTER_INVENTARIO\target\classes\com\inventario\config\CacheConfig.class]
2025-11-11 23:05:27 - Identified candidate component class: file [D:\MASTER_INVENTARIO\target\classes\com\inventario\config\DAOConfiguration.class]
2025-11-11 23:05:27 - Identified candidate component class: file [D:\MASTER_INVENTARIO\target\classes\com\inventario\config\DatabaseConfiguration.class]
2025-11-11 23:05:27 - Identified candidate component class: file [D:\MASTER_INVENTARIO\target\classes\com\inventario\config\NotificationConfig.class]
2025-11-11 23:05:27 - Identified candidate component class: file [D:\MASTER_INVENTARIO\target\classes\com\inventario\config\SecurityConfig.class]
2025-11-11 23:05:27 - Identified candidate component class: file [D:\MASTER_INVENTARIO\target\classes\com\inventario\config\WebSocketConfig.class]
2025-11-11 23:05:27 - Identified candidate component class: file [D:\MASTER_INVENTARIO\target\classes\com\inventario\security\CustomUserDetailsService.class]
2025-11-11 23:05:27 - Identified candidate component class: file [D:\MASTER_INVENTARIO\target\classes\com\inventario\security\JwtAuthenticationEntryPoint.class]
2025-11-11 23:05:27 - Identified candidate component class: file [D:\MASTER_INVENTARIO\target\classes\com\inventario\security\JwtAuthenticationFilter.class]
2025-11-11 23:05:27 - Identified candidate component class: file [D:\MASTER_INVENTARIO\target\classes\com\inventario\security\JwtTokenProvider.class]
2025-11-11 23:05:27 - Identified candidate component class: file [D:\MASTER_INVENTARIO\target\classes\com\inventario\security\JwtUtil.class]
2025-11-11 23:05:28 - Identified candidate component class: file [D:\MASTER_INVENTARIO\target\classes\com\inventario\config\AsyncConfig.class]
2025-11-11 23:05:28 - Identified candidate component class: file [D:\MASTER_INVENTARIO\target\classes\com\inventario\config\CacheConfig.class]
2025-11-11 23:05:28 - Identified candidate component class: file [D:\MASTER_INVENTARIO\target\classes\com\inventario\config\DAOConfiguration.class]
2025-11-11 23:05:28 - Identified candidate component class: file [D:\MASTER_INVENTARIO\target\classes\com\inventario\config\DatabaseConfiguration.class]
2025-11-11 23:05:28 - Identified candidate component class: file [D:\MASTER_INVENTARIO\target\classes\com\inventario\config\NotificationConfig.class]
2025-11-11 23:05:28 - Identified candidate component class: file [D:\MASTER_INVENTARIO\target\classes\com\inventario\config\SecurityConfig.class]
2025-11-11 23:05:28 - Identified candidate component class: file [D:\MASTER_INVENTARIO\target\classes\com\inventario\config\WebSocketConfig.class]
2025-11-11 23:05:28 - Identified candidate component class: file [D:\MASTER_INVENTARIO\target\classes\com\inventario\dao\CampusDAO.class]
2025-11-11 23:05:28 - Identified candidate component class: file [D:\MASTER_INVENTARIO\target\classes\com\inventario\dao\ColetaDAO.class]
2025-11-11 23:05:28 - Identified candidate component class: file [D:\MASTER_INVENTARIO\target\classes\com\inventario\dao\DashboardColetaDAO.class]
2025-11-11 23:05:28 - Identified candidate component class: file [D:\MASTER_INVENTARIO\target\classes\com\inventario\dao\InventarioDAO.class]
2025-11-11 23:05:28 - Identified candidate component class: file [D:\MASTER_INVENTARIO\target\classes\com\inventario\dao\InventarioSetorDAO.class]
2025-11-11 23:05:28 - Identified candidate component class: file [D:\MASTER_INVENTARIO\target\classes\com\inventario\dao\ParticipanteInventarioDAO.class]
2025-11-11 23:05:28 - Identified candidate component class: file [D:\MASTER_INVENTARIO\target\classes\com\inventario\dao\PatrimonioDAO.class]
2025-11-11 23:05:28 - Identified candidate component class: file [D:\MASTER_INVENTARIO\target\classes\com\inventario\dao\RelatorioColetaDAO.class]
2025-11-11 23:05:28 - Identified candidate component class: file [D:\MASTER_INVENTARIO\target\classes\com\inventario\dao\ResponsavelDAO.class]
2025-11-11 23:05:28 - Identified candidate component class: file [D:\MASTER_INVENTARIO\target\classes\com\inventario\dao\SalaDAORefactored.class]
2025-11-11 23:05:28 - Identified candidate component class: file [D:\MASTER_INVENTARIO\target\classes\com\inventario\dao\SalaInventarioDAO.class]
2025-11-11 23:05:28 - Identified candidate component class: file [D:\MASTER_INVENTARIO\target\classes\com\inventario\dao\SetorDAORefactored.class]
2025-11-11 23:05:28 - Identified candidate component class: file [D:\MASTER_INVENTARIO\target\classes\com\inventario\dao\UsuarioDAORefactored.class]
2025-11-11 23:05:28 - Identified candidate component class: file [D:\MASTER_INVENTARIO\target\classes\com\inventario\mobile\server\config\CorsConfig.class]
2025-11-11 23:05:28 - Identified candidate component class: file [D:\MASTER_INVENTARIO\target\classes\com\inventario\mobile\server\config\DeviceTrackingInterceptor.class]
2025-11-11 23:05:28 - Identified candidate component class: file [D:\MASTER_INVENTARIO\target\classes\com\inventario\mobile\server\config\MobileSecurityConfig.class]
2025-11-11 23:05:28 - Identified candidate component class: file [D:\MASTER_INVENTARIO\target\classes\com\inventario\mobile\server\config\MobileServerConfig.class]
2025-11-11 23:05:28 - Identified candidate component class: file [D:\MASTER_INVENTARIO\target\classes\com\inventario\mobile\server\config\RequestLoggingFilter.class]
2025-11-11 23:05:28 - Identified candidate component class: file [D:\MASTER_INVENTARIO\target\classes\com\inventario\mobile\server\config\WebMvcConfig.class]
2025-11-11 23:05:28 - Identified candidate component class: file [D:\MASTER_INVENTARIO\target\classes\com\inventario\mobile\server\controller\MobileAuthController.class]
2025-11-11 23:05:28 - Identified candidate component class: file [D:\MASTER_INVENTARIO\target\classes\com\inventario\mobile\server\controller\MobileColetaController.class]
2025-11-11 23:05:28 - Identified candidate component class: file [D:\MASTER_INVENTARIO\target\classes\com\inventario\mobile\server\controller\MobileConnectionController.class]
2025-11-11 23:05:28 - Identified candidate component class: file [D:\MASTER_INVENTARIO\target\classes\com\inventario\mobile\server\controller\MobileDashboardController.class]
2025-11-11 23:05:28 - Identified candidate component class: file [D:\MASTER_INVENTARIO\target\classes\com\inventario\mobile\server\controller\MobileDescricaoController.class]
2025-11-11 23:05:28 - Identified candidate component class: file [D:\MASTER_INVENTARIO\target\classes\com\inventario\mobile\server\controller\MobileDispositivoController.class]
2025-11-11 23:05:28 - Identified candidate component class: file [D:\MASTER_INVENTARIO\target\classes\com\inventario\mobile\server\controller\MobileHealthController.class]
2025-11-11 23:05:28 - Identified candidate component class: file [D:\MASTER_INVENTARIO\target\classes\com\inventario\mobile\server\controller\MobilePatrimonioController.class]
2025-11-11 23:05:28 - Identified candidate component class: file [D:\MASTER_INVENTARIO\target\classes\com\inventario\mobile\server\controller\MobileResponsavelController.class]
2025-11-11 23:05:28 - Identified candidate component class: file [D:\MASTER_INVENTARIO\target\classes\com\inventario\mobile\server\controller\MobileSalaController.class]
2025-11-11 23:05:28 - Identified candidate component class: file [D:\MASTER_INVENTARIO\target\classes\com\inventario\mobile\server\controller\MobileSetorController.class]
2025-11-11 23:05:28 - Identified candidate component class: file [D:\MASTER_INVENTARIO\target\classes\com\inventario\mobile\server\controller\MobileSyncController.class]
2025-11-11 23:05:28 - Identified candidate component class: file [D:\MASTER_INVENTARIO\target\classes\com\inventario\mobile\server\controller\MobileUsuarioController.class]
2025-11-11 23:05:28 - Identified candidate component class: file [D:\MASTER_INVENTARIO\target\classes\com\inventario\mobile\server\service\MobileAuthService.class]
2025-11-11 23:05:28 - Identified candidate component class: file [D:\MASTER_INVENTARIO\target\classes\com\inventario\mobile\server\service\MobileColetaService.class]
2025-11-11 23:05:28 - Identified candidate component class: file [D:\MASTER_INVENTARIO\target\classes\com\inventario\mobile\server\service\MobileDashboardService.class]
2025-11-11 23:05:28 - Identified candidate component class: file [D:\MASTER_INVENTARIO\target\classes\com\inventario\mobile\server\service\MobilePatrimonioService.class]
2025-11-11 23:05:28 - Identified candidate component class: file [D:\MASTER_INVENTARIO\target\classes\com\inventario\mobile\server\service\MobileResponsavelService.class]
2025-11-11 23:05:28 - Identified candidate component class: file [D:\MASTER_INVENTARIO\target\classes\com\inventario\mobile\server\service\MobileSalaService.class]
2025-11-11 23:05:28 - Identified candidate component class: file [D:\MASTER_INVENTARIO\target\classes\com\inventario\mobile\server\service\MobileSyncService.class]
2025-11-11 23:05:28 - Identified candidate component class: file [D:\MASTER_INVENTARIO\target\classes\com\inventario\repository\impl\ColetaRepositoryImpl.class]
2025-11-11 23:05:28 - Identified candidate component class: file [D:\MASTER_INVENTARIO\target\classes\com\inventario\repository\impl\PatrimonioRepositoryImpl.class]
2025-11-11 23:05:28 - Identified candidate component class: file [D:\MASTER_INVENTARIO\target\classes\com\inventario\repository\InventarioRepository.class]
2025-11-11 23:05:28 - Identified candidate component class: file [D:\MASTER_INVENTARIO\target\classes\com\inventario\repository\SetorRepository.class]
2025-11-11 23:05:28 - Identified candidate component class: file [D:\MASTER_INVENTARIO\target\classes\com\inventario\security\CustomUserDetailsService.class]
2025-11-11 23:05:28 - Identified candidate component class: file [D:\MASTER_INVENTARIO\target\classes\com\inventario\security\JwtAuthenticationEntryPoint.class]
2025-11-11 23:05:28 - Identified candidate component class: file [D:\MASTER_INVENTARIO\target\classes\com\inventario\security\JwtAuthenticationFilter.class]
2025-11-11 23:05:28 - Identified candidate component class: file [D:\MASTER_INVENTARIO\target\classes\com\inventario\security\JwtTokenProvider.class]
2025-11-11 23:05:28 - Identified candidate component class: file [D:\MASTER_INVENTARIO\target\classes\com\inventario\security\JwtUtil.class]
2025-11-11 23:05:28 - Identified candidate component class: file [D:\MASTER_INVENTARIO\target\classes\com\inventario\service\AutenticacaoService.class]
2025-11-11 23:05:28 - Identified candidate component class: file [D:\MASTER_INVENTARIO\target\classes\com\inventario\service\ColetaService.class]
2025-11-11 23:05:28 - Identified candidate component class: file [D:\MASTER_INVENTARIO\target\classes\com\inventario\service\DashboardService.class]
2025-11-11 23:05:28 - Identified candidate component class: file [D:\MASTER_INVENTARIO\target\classes\com\inventario\service\InventarioService.class]
2025-11-11 23:05:28 - Identified candidate component class: file [D:\MASTER_INVENTARIO\target\classes\com\inventario\service\MobileConnectionService.class]
2025-11-11 23:05:28 - Identified candidate component class: file [D:\MASTER_INVENTARIO\target\classes\com\inventario\service\ParticipanteInventarioService.class]
2025-11-11 23:05:28 - Identified candidate component class: file [D:\MASTER_INVENTARIO\target\classes\com\inventario\service\PatrimonioService.class]
2025-11-11 23:05:28 - Identified candidate component class: file [D:\MASTER_INVENTARIO\target\classes\com\inventario\service\RelatorioService.class]
2025-11-11 23:05:28 - Identified candidate component class: file [D:\MASTER_INVENTARIO\target\classes\com\inventario\service\ResponsavelService.class]
2025-11-11 23:05:28 - Identified candidate component class: file [D:\MASTER_INVENTARIO\target\classes\com\inventario\service\SalaInventarioService.class]
2025-11-11 23:05:28 - Identified candidate component class: file [D:\MASTER_INVENTARIO\target\classes\com\inventario\service\SalaService.class]
2025-11-11 23:05:28 - Identified candidate component class: file [D:\MASTER_INVENTARIO\target\classes\com\inventario\service\ServiceFactory.class]
2025-11-11 23:05:28 - Identified candidate component class: file [D:\MASTER_INVENTARIO\target\classes\com\inventario\service\SetorService.class]
2025-11-11 23:05:28 - Identified candidate component class: file [D:\MASTER_INVENTARIO\target\classes\com\inventario\service\UsuarioService.class]
2025-11-11 23:05:28 - Overriding bean definition for bean 'corsConfigurationSource' with a different definition: replacing [Root bean: class [null]; scope=; abstract=false; lazyInit=null; autowireMode=3; dependencyCheck=0; autowireCandidate=true; primary=false; factoryBeanName=corsConfig; factoryMethodName=corsConfigurationSource; initMethodNames=null; destroyMethodNames=[(inferred)]; defined in class path resource [com/inventario/mobile/server/config/CorsConfig.class]] with [Root bean: class [null]; scope=; abstract=false; lazyInit=null; autowireMode=3; dependencyCheck=0; autowireCandidate=true; primary=false; factoryBeanName=mobileSecurityConfig; factoryMethodName=corsConfigurationSource; initMethodNames=null; destroyMethodNames=[(inferred)]; defined in class path resource [com/inventario/mobile/server/config/MobileSecurityConfig.class]]
2025-11-11 23:05:28 - Overriding bean definition for bean 'corsConfigurationSource' with a different definition: replacing [Root bean: class [null]; scope=; abstract=false; lazyInit=null; autowireMode=3; dependencyCheck=0; autowireCandidate=true; primary=false; factoryBeanName=mobileSecurityConfig; factoryMethodName=corsConfigurationSource; initMethodNames=null; destroyMethodNames=[(inferred)]; defined in class path resource [com/inventario/mobile/server/config/MobileSecurityConfig.class]] with [Root bean: class [null]; scope=; abstract=false; lazyInit=null; autowireMode=3; dependencyCheck=0; autowireCandidate=true; primary=false; factoryBeanName=securityConfig; factoryMethodName=corsConfigurationSource; initMethodNames=null; destroyMethodNames=[(inferred)]; defined in class path resource [com/inventario/config/SecurityConfig.class]]
2025-11-11 23:05:28 - Overriding bean definition for bean 'passwordEncoder' with a different definition: replacing [Root bean: class [null]; scope=; abstract=false; lazyInit=null; autowireMode=3; dependencyCheck=0; autowireCandidate=true; primary=false; factoryBeanName=mobileSecurityConfig; factoryMethodName=passwordEncoder; initMethodNames=null; destroyMethodNames=[(inferred)]; defined in class path resource [com/inventario/mobile/server/config/MobileSecurityConfig.class]] with [Root bean: class [null]; scope=; abstract=false; lazyInit=null; autowireMode=3; dependencyCheck=0; autowireCandidate=true; primary=false; factoryBeanName=securityConfig; factoryMethodName=passwordEncoder; initMethodNames=null; destroyMethodNames=[(inferred)]; defined in class path resource [com/inventario/config/SecurityConfig.class]]
2025-11-11 23:05:29 - Creating shared instance of singleton bean 'org.springframework.boot.autoconfigure.AutoConfigurationPackages'
2025-11-11 23:05:29 - @EnableAutoConfiguration was declared on a class in the package 'com.inventario'. Automatic @Repository and @Entity scanning is enabled.
2025-11-11 23:05:30 - Creating shared instance of singleton bean 'propertySourcesPlaceholderConfigurer'
2025-11-11 23:05:30 - Creating shared instance of singleton bean 'org.springframework.boot.test.mock.mockito.MockitoPostProcessor'
2025-11-11 23:05:30 - Creating shared instance of singleton bean 'webSocketScopeConfigurer'
2025-11-11 23:05:30 - Creating shared instance of singleton bean 'emBeanDefinitionRegistrarPostProcessor'
2025-11-11 23:05:30 - Creating shared instance of singleton bean 'org.springframework.boot.sql.init.dependency.DatabaseInitializationDependencyConfigurer$DependsOnDatabaseInitializationPostProcessor'
2025-11-11 23:05:30 - Creating shared instance of singleton bean 'org.springframework.context.event.internalEventListenerProcessor'
2025-11-11 23:05:30 - Creating shared instance of singleton bean 'conversionServicePostProcessor'
2025-11-11 23:05:30 - Creating shared instance of singleton bean 'preserveErrorControllerTargetClassPostProcessor'
2025-11-11 23:05:30 - Creating shared instance of singleton bean 'org.springframework.context.event.internalEventListenerFactory'
2025-11-11 23:05:30 - Creating shared instance of singleton bean 'org.springframework.transaction.config.internalTransactionalEventListenerFactory'
2025-11-11 23:05:30 - Creating shared instance of singleton bean 'org.springframework.boot.test.mock.mockito.MockitoPostProcessor$SpyPostProcessor'
2025-11-11 23:05:30 - Creating shared instance of singleton bean 'org.springframework.context.annotation.internalAutowiredAnnotationProcessor'
2025-11-11 23:05:30 - Creating shared instance of singleton bean 'org.springframework.context.annotation.internalCommonAnnotationProcessor'
2025-11-11 23:05:30 - Creating shared instance of singleton bean 'org.springframework.context.annotation.internalPersistenceAnnotationProcessor'
2025-11-11 23:05:30 - Creating shared instance of singleton bean 'org.springframework.boot.context.properties.ConfigurationPropertiesBindingPostProcessor'
2025-11-11 23:05:30 - Creating shared instance of singleton bean 'org.springframework.boot.context.internalConfigurationPropertiesBinder'
2025-11-11 23:05:30 - Creating shared instance of singleton bean 'org.springframework.context.annotation.internalAsyncAnnotationProcessor'
2025-11-11 23:05:30 - Creating shared instance of singleton bean 'org.springframework.scheduling.annotation.ProxyAsyncConfiguration'
2025-11-11 23:05:30 - Creating shared instance of singleton bean 'org.springframework.aop.config.internalAutoProxyCreator'
2025-11-11 23:05:30 - Creating shared instance of singleton bean 'methodValidationPostProcessor'
2025-11-11 23:05:30 - Autowiring by type from bean name 'methodValidationPostProcessor' via factory method to bean named 'environment'
2025-11-11 23:05:30 - Creating shared instance of singleton bean 'org.springframework.boot.context.properties.EnableConfigurationPropertiesRegistrar.methodValidationExcludeFilter'
2025-11-11 23:05:30 - Creating shared instance of singleton bean 'persistenceExceptionTranslationPostProcessor'
2025-11-11 23:05:30 - Autowiring by type from bean name 'persistenceExceptionTranslationPostProcessor' via factory method to bean named 'environment'
2025-11-11 23:05:30 - Creating shared instance of singleton bean 'webServerFactoryCustomizerBeanPostProcessor'
2025-11-11 23:05:30 - Creating shared instance of singleton bean 'errorPageRegistrarBeanPostProcessor'
2025-11-11 23:05:30 - Creating shared instance of singleton bean 'meterRegistryPostProcessor'
2025-11-11 23:05:30 - Creating shared instance of singleton bean 'org.springframework.cache.config.internalCacheAdvisor'
2025-11-11 23:05:30 - Creating shared instance of singleton bean 'org.springframework.cache.annotation.ProxyCachingConfiguration'
2025-11-11 23:05:30 - Creating shared instance of singleton bean 'preFilterAuthorizationAdvisor'
[...]

   SpringApplicationAdminJmxAutoConfiguration:
      Did not match:
         - @ConditionalOnProperty (spring.application.admin.enabled=true) did not find property 'enabled' (OnPropertyCondition)

   SpringBootWebSecurityConfiguration.SecurityFilterChainConfiguration:
      Did not match:
         - AllNestedConditions 1 matched 1 did not; NestedCondition on DefaultWebSecurityCondition.Beans @ConditionalOnMissingBean (types: org.springframework.security.web.SecurityFilterChain; SearchStrategy: all) found beans of type 'org.springframework.security.web.SecurityFilterChain' mobileSecurityFilterChain, filterChain; NestedCondition on DefaultWebSecurityCondition.Classes @ConditionalOnClass found required classes 'org.springframework.security.web.SecurityFilterChain', 'org.springframework.security.config.annotation.web.builders.HttpSecurity' (DefaultWebSecurityCondition)

   SpringBootWebSecurityConfiguration.WebSecurityEnablerConfiguration:
      Did not match:
         - @ConditionalOnMissingBean (names: springSecurityFilterChain; SearchStrategy: all) found beans named springSecurityFilterChain (OnBeanCondition)
      Matched:
         - @ConditionalOnClass found required class 'org.springframework.security.config.annotation.web.configuration.EnableWebSecurity' (OnClassCondition)

   SpringDocConfiguration#propertiesResolverForSchema:
      Did not match:
         - @ConditionalOnProperty (springdoc.api-docs.resolve-schema-properties) did not find property 'springdoc.api-docs.resolve-schema-properties' (OnPropertyCondition)

   SpringDocConfiguration#propertyCustomizingConverter:
      Did not match:
         - @ConditionalOnBean (types: org.springdoc.core.customizers.PropertyCustomizer; SearchStrategy: all) did not find any beans of type org.springdoc.core.customizers.PropertyCustomizer (OnBeanCondition)

   SpringDocConfiguration#springdocBeanFactoryPostProcessor:
      Did not match:
         - AnyNestedCondition 0 matched 2 did not; NestedCondition on CacheOrGroupedOpenApiCondition.OnCacheDisabled found non-matching nested conditions @ConditionalOnProperty (springdoc.cache.disabled) did not find property 'springdoc.cache.disabled'; NestedCondition on CacheOrGroupedOpenApiCondition.OnMultipleOpenApiSupportCondition AnyNestedCondition 0 matched 2 did not; NestedCondition on MultipleOpenApiSupportCondition.OnActuatorDifferentPort found non-matching nested conditions Management Port actual port type (SAME) did not match required type (DIFFERENT); NestedCondition on MultipleOpenApiSupportCondition.OnMultipleOpenApiSupportCondition AnyNestedCondition 0 matched 2 did not; NestedCondition on MultipleOpenApiGroupsCondition.OnGroupConfigProperty @ConditionalOnProperty (springdoc.group-configs[0].group) did not find property 'springdoc.group-configs[0].group'; NestedCondition on MultipleOpenApiGroupsCondition.OnGroupedOpenApiBean @ConditionalOnBean (types: org.springdoc.core.models.GroupedOpenApi; SearchStrategy: all) did not find any beans of type org.springdoc.core.models.GroupedOpenApi (CacheOrGroupedOpenApiCondition)
      Matched:
         - @ConditionalOnClass found required class 'org.springframework.boot.context.properties.bind.BindResult' (OnClassCondition)

   SpringDocConfiguration#springdocBeanFactoryPostProcessor2:
      Did not match:
         - @ConditionalOnMissingClass found unwanted class 'org.springframework.boot.context.properties.bind.BindResult' (OnClassCondition)

   SpringDocConfiguration.SpringDocActuatorConfiguration#springdocBeanFactoryPostProcessor3:
      Did not match:
         - AnyNestedCondition 0 matched 2 did not; NestedCondition on MultipleOpenApiSupportCondition.OnActuatorDifferentPort found non-matching nested conditions Management Port actual port type (SAME) did not match required type (DIFFERENT); NestedCondition on MultipleOpenApiSupportCondition.OnMultipleOpenApiSupportCondition AnyNestedCondition 0 matched 2 did not; NestedCondition on MultipleOpenApiGroupsCondition.OnGroupConfigProperty @ConditionalOnProperty (springdoc.group-configs[0].group) did not find property 'springdoc.group-configs[0].group'; NestedCondition on MultipleOpenApiGroupsCondition.OnGroupedOpenApiBean @ConditionalOnBean (types: org.springdoc.core.models.GroupedOpenApi; SearchStrategy: all) did not find any beans of type org.springdoc.core.models.GroupedOpenApi (MultipleOpenApiSupportCondition)

   SpringDocConfiguration.SpringDocRepositoryRestConfiguration:
      Did not match:
         - @ConditionalOnClass did not find required class 'org.springframework.data.rest.core.config.RepositoryRestConfiguration' (OnClassCondition)

   SpringDocDataRestConfiguration:
      Did not match:
         - @ConditionalOnClass did not find required class 'org.springframework.data.rest.core.config.RepositoryRestConfiguration' (OnClassCondition)

   SpringDocFunctionCatalogConfiguration:
      Did not match:
         - @ConditionalOnClass did not find required class 'org.springframework.cloud.function.web.function.FunctionEndpointInitializer' (OnClassCondition)

   SpringDocGroovyConfiguration:
      Did not match:
         - @ConditionalOnClass did not find required class 'groovy.lang.MetaClass' (OnClassCondition)

   SpringDocHateoasConfiguration:
      Did not match:
         - @ConditionalOnClass did not find required class 'org.springframework.hateoas.server.LinkRelationProvider' (OnClassCondition)

   SpringDocJavadocConfiguration:
      Did not match:
         - @ConditionalOnClass did not find required class 'com.github.therapi.runtimejavadoc.CommentFormatter' (OnClassCondition)

   SpringDocKotlinConfiguration:
      Did not match:
         - @ConditionalOnClass did not find required class 'kotlin.coroutines.Continuation' (OnClassCondition)

   SpringDocKotlinxConfiguration:
      Did not match:
         - @ConditionalOnClass did not find required class 'kotlinx.coroutines.flow.Flow' (OnClassCondition)

   SpringDocNativeConfiguration:
      Did not match:
         - @ConditionalOnExpression (#{${springdoc.api-docs.enabled:true} and ${springdoc.enable-native-support:false}}) resulted in false (OnExpressionCondition)
      Matched:
         - @ConditionalOnWebApplication (required) found 'session' scope (OnWebApplicationCondition)

   SpringDocSecurityConfiguration.SpringSecurityLoginEndpointConfiguration#springSecurityLoginEndpointCustomiser:
      Did not match:
         - @ConditionalOnProperty (springdoc.show-login-endpoint) did not find property 'springdoc.show-login-endpoint' (OnPropertyCondition)

   SpringDocSortConfiguration#delegatingMethodParameterCustomizer:
      Did not match:
         - @ConditionalOnMissingBean (types: org.springdoc.core.customizers.DelegatingMethodParameterCustomizer; SearchStrategy: all) found beans of type 'org.springdoc.core.customizers.DelegatingMethodParameterCustomizer' delegatingMethodParameterCustomizer (OnBeanCondition)

   SpringDocWebMvcConfiguration.SpringDocWebMvcActuatorConfiguration#openApiActuatorResource:
      Did not match:
         - @ConditionalOnProperty (springdoc.use-management-port) did not find property 'springdoc.use-management-port' (OnPropertyCondition)

   StackdriverMetricsExportAutoConfiguration:
      Did not match:
         - @ConditionalOnClass did not find required class 'io.micrometer.stackdriver.StackdriverMeterRegistry' (OnClassCondition)

   StartupEndpointAutoConfiguration:
      Did not match:
         - ApplicationStartup configured applicationStartup is of type class org.springframework.core.metrics.DefaultApplicationStartup, expected BufferingApplicationStartup. (StartupEndpointAutoConfiguration.ApplicationStartupCondition)

   StatsdMetricsExportAutoConfiguration:
      Did not match:
         - @ConditionalOnClass did not find required class 'io.micrometer.statsd.StatsdMeterRegistry' (OnClassCondition)

   SwaggerConfig#springWebProvider:
      Did not match:
         - @ConditionalOnMissingBean (types: org.springdoc.core.providers.SpringWebProvider; SearchStrategy: all) found beans of type 'org.springdoc.core.providers.SpringWebProvider' springWebProvider (OnBeanCondition)

   SwaggerConfig#swaggerUiConfigParameters:
      Did not match:
         - @ConditionalOnMissingBean (types: org.springdoc.core.properties.SwaggerUiConfigParameters; SearchStrategy: all) found beans of type 'org.springdoc.core.properties.SwaggerUiConfigParameters' org.springdoc.core.properties.SwaggerUiConfigParameters (OnBeanCondition)

   SwaggerConfig#swaggerUiHome:
      Did not match:
         - @ConditionalOnProperty (springdoc.swagger-ui.use-root-path=true) did not find property 'springdoc.swagger-ui.use-root-path' (OnPropertyCondition)

   SwaggerConfig.SwaggerActuatorWelcomeConfiguration:
      Did not match:
         - @ConditionalOnProperty (springdoc.use-management-port) did not find property 'springdoc.use-management-port' (OnPropertyCondition)
      Matched:
         - @ConditionalOnClass found required class 'org.springframework.boot.actuate.endpoint.web.servlet.WebMvcEndpointHandlerMapping' (OnClassCondition)

   TaskExecutorConfigurations.SimpleAsyncTaskExecutorBuilderConfiguration#simpleAsyncTaskExecutorBuilderVirtualThreads:
      Did not match:
         - @ConditionalOnMissingBean (types: org.springframework.boot.task.SimpleAsyncTaskExecutorBuilder; SearchStrategy: all) found beans of type 'org.springframework.boot.task.SimpleAsyncTaskExecutorBuilder' simpleAsyncTaskExecutorBuilder (OnBeanCondition)

   TaskExecutorConfigurations.TaskExecutorConfiguration:
      Did not match:
         - @ConditionalOnMissingBean (types: java.util.concurrent.Executor; SearchStrategy: all) found beans of type 'java.util.concurrent.Executor' taskExecutor, syncExecutor, reportExecutor, clientInboundChannelExecutor, clientOutboundChannelExecutor, brokerChannelExecutor (OnBeanCondition)

   TaskSchedulingAutoConfiguration#scheduledBeanLazyInitializationExcludeFilter:
      Did not match:
         - @ConditionalOnBean (names: org.springframework.context.annotation.internalScheduledAnnotationProcessor; SearchStrategy: all) did not find any beans named org.springframework.context.annotation.internalScheduledAnnotationProcessor (OnBeanCondition)

   TaskSchedulingConfigurations.SimpleAsyncTaskSchedulerBuilderConfiguration#simpleAsyncTaskSchedulerBuilderVirtualThreads:
      Did not match:
         - @ConditionalOnMissingBean (types: org.springframework.boot.task.SimpleAsyncTaskSchedulerBuilder; SearchStrategy: all) found beans of type 'org.springframework.boot.task.SimpleAsyncTaskSchedulerBuilder' simpleAsyncTaskSchedulerBuilder (OnBeanCondition)

   TaskSchedulingConfigurations.TaskSchedulerConfiguration:
      Did not match:
         - @ConditionalOnBean (names: org.springframework.context.annotation.internalScheduledAnnotationProcessor; SearchStrategy: all) did not find any beans named org.springframework.context.annotation.internalScheduledAnnotationProcessor (OnBeanCondition)

   ThreadDumpEndpointAutoConfiguration:
      Did not match:
         - @ConditionalOnAvailableEndpoint no 'management.endpoints' property marked it as exposed (OnAvailableEndpointCondition)

   ThymeleafAutoConfiguration:
      Did not match:
         - @ConditionalOnClass did not find required class 'org.thymeleaf.spring6.SpringTemplateEngine' (OnClassCondition)

   TransactionAutoConfiguration#transactionalOperator:
      Did not match:
         - @ConditionalOnSingleCandidate (types: org.springframework.transaction.ReactiveTransactionManager; SearchStrategy: all) did not find any beans (OnBeanCondition)

   TransactionAutoConfiguration.AspectJTransactionManagementConfiguration:
      Did not match:
         - @ConditionalOnBean (types: org.springframework.transaction.aspectj.AbstractTransactionAspect; SearchStrategy: all) did not find any beans of type org.springframework.transaction.aspectj.AbstractTransactionAspect (OnBeanCondition)

   TransactionAutoConfiguration.EnableTransactionManagementConfiguration.JdkDynamicAutoProxyConfiguration:
      Did not match:
         - @ConditionalOnProperty (spring.aop.proxy-target-class=false) did not find property 'proxy-target-class' (OnPropertyCondition)

   UserDetailsServiceAutoConfiguration:
      Did not match:
         - @ConditionalOnMissingBean (types: org.springframework.security.authentication.AuthenticationManager,org.springframework.security.authentication.AuthenticationProvider,org.springframework.security.core.userdetails.UserDetailsService,org.springframework.security.authentication.AuthenticationManagerResolver,org.springframework.security.oauth2.jwt.JwtDecoder; SearchStrategy: all) found beans of type 'org.springframework.security.authentication.AuthenticationManager' mobileAuthenticationManager, authenticationManager and found beans of type 'org.springframework.security.core.userdetails.UserDetailsService' customUserDetailsService and found beans of type 'org.springframework.security.authentication.AuthenticationProvider' authenticationProvider (OnBeanCondition)
      Matched:
         - @ConditionalOnClass found required class 'org.springframework.security.authentication.AuthenticationManager'; @ConditionalOnMissingClass did not find unwanted classes 'org.springframework.security.oauth2.client.registration.ClientRegistrationRepository', 'org.springframework.security.oauth2.server.resource.introspection.OpaqueTokenIntrospector', 'org.springframework.security.saml2.provider.service.registration.RelyingPartyRegistrationRepository' (OnClassCondition)

   WavefrontAutoConfiguration:
      Did not match:
         - @ConditionalOnClass did not find required class 'com.wavefront.sdk.common.application.ApplicationTags' (OnClassCondition)

   WavefrontMetricsExportAutoConfiguration:
      Did not match:
         - @ConditionalOnClass did not find required class 'com.wavefront.sdk.common.WavefrontSender' (OnClassCondition)

   WavefrontTracingAutoConfiguration:
      Did not match:
         - @ConditionalOnClass did not find required class 'com.wavefront.sdk.common.WavefrontSender' (OnClassCondition)

   WebClientAutoConfiguration:
      Did not match:
         - @ConditionalOnClass did not find required class 'org.springframework.web.reactive.function.client.WebClient' (OnClassCondition)

   WebClientObservationConfiguration:
      Did not match:
         - @ConditionalOnClass did not find required class 'org.springframework.web.reactive.function.client.WebClient' (OnClassCondition)

   WebFluxAutoConfiguration:
      Did not match:
         - @ConditionalOnClass did not find required class 'org.springframework.web.reactive.config.WebFluxConfigurer' (OnClassCondition)

   WebFluxEndpointManagementContextConfiguration:
      Did not match:
         - @ConditionalOnClass did not find required class 'org.springframework.web.reactive.DispatcherHandler' (OnClassCondition)

   WebFluxObservationAutoConfiguration:
      Did not match:
         - @ConditionalOnWebApplication did not find reactive web application classes (OnWebApplicationCondition)

   WebMvcAutoConfiguration#hiddenHttpMethodFilter:
      Did not match:
         - @ConditionalOnProperty (spring.mvc.hiddenmethod.filter.enabled) did not find property 'enabled' (OnPropertyCondition)

   WebMvcAutoConfiguration.ProblemDetailsErrorHandlingConfiguration:
      Did not match:
         - @ConditionalOnProperty (spring.mvc.problemdetails.enabled=true) did not find property 'enabled' (OnPropertyCondition)

   WebMvcAutoConfiguration.WebMvcAutoConfigurationAdapter#beanNameViewResolver:
      Did not match:
         - @ConditionalOnBean (types: org.springframework.web.servlet.View; SearchStrategy: all) did not find any beans of type org.springframework.web.servlet.View (OnBeanCondition)

   WebMvcEndpointManagementContextConfiguration#managementHealthEndpointWebMvcHandlerMapping:
      Did not match:
         - Management Port actual port type (SAME) did not match required type (DIFFERENT) (OnManagementPortCondition)

   WebServiceTemplateAutoConfiguration:
      Did not match:
         - @ConditionalOnClass did not find required class 'org.springframework.ws.client.core.WebServiceTemplate' (OnClassCondition)

   WebServicesAutoConfiguration:
      Did not match:
         - @ConditionalOnClass did not find required class 'org.springframework.ws.transport.http.MessageDispatcherServlet' (OnClassCondition)

   WebSessionIdResolverAutoConfiguration:
      Did not match:
         - @ConditionalOnWebApplication did not find reactive web application classes (OnWebApplicationCondition)

   WebSocketReactiveAutoConfiguration:
      Did not match:
         - @ConditionalOnWebApplication did not find reactive web application classes (OnWebApplicationCondition)

   WebSocketServletAutoConfiguration.JettyWebSocketConfiguration:
      Did not match:
         - @ConditionalOnClass did not find required class 'org.eclipse.jetty.ee10.websocket.jakarta.server.config.JakartaWebSocketServletContainerInitializer' (OnClassCondition)

   WebSocketServletAutoConfiguration.UndertowWebSocketConfiguration:
      Did not match:
         - @ConditionalOnClass did not find required class 'io.undertow.websockets.jsr.Bootstrap' (OnClassCondition)

   XADataSourceAutoConfiguration:
      Did not match:
         - @ConditionalOnBean (types: org.springframework.boot.jdbc.XADataSourceWrapper; SearchStrategy: all) did not find any beans of type org.springframework.boot.jdbc.XADataSourceWrapper (OnBeanCondition)
      Matched:
         - @ConditionalOnClass found required classes 'javax.sql.DataSource', 'jakarta.transaction.TransactionManager', 'org.springframework.jdbc.datasource.embedded.EmbeddedDatabaseType' (OnClassCondition)

   ZipkinAutoConfiguration:
      Did not match:
         - @ConditionalOnClass did not find required class 'zipkin2.reporter.Sender' (OnClassCondition)


Exclusions:
-----------

    None


Unconditional classes:
----------------------

    org.springframework.boot.autoconfigure.context.ConfigurationPropertiesAutoConfiguration

    org.springframework.boot.actuate.autoconfigure.availability.AvailabilityHealthContributorAutoConfiguration

    org.springframework.boot.autoconfigure.ssl.SslAutoConfiguration

    org.springframework.boot.actuate.autoconfigure.info.InfoContributorAutoConfiguration

    org.springframework.boot.autoconfigure.context.PropertyPlaceholderAutoConfiguration

    org.springframework.boot.autoconfigure.context.LifecycleAutoConfiguration

    org.springframework.boot.actuate.autoconfigure.metrics.integration.IntegrationMetricsAutoConfiguration

    org.springframework.boot.actuate.autoconfigure.endpoint.EndpointAutoConfiguration

    org.springframework.boot.actuate.autoconfigure.web.server.ManagementContextAutoConfiguration

    org.springframework.boot.actuate.autoconfigure.health.HealthContributorAutoConfiguration

    org.springframework.boot.actuate.autoconfigure.endpoint.jackson.JacksonEndpointAutoConfiguration

    org.springframework.boot.autoconfigure.availability.ApplicationAvailabilityAutoConfiguration

    org.springframework.boot.autoconfigure.info.ProjectInfoAutoConfiguration



2025-11-11 23:05:40 - Started MobileConnectionControllerTest in 13.797 seconds (process running for 15.677)
2025-11-11 23:05:40 - Application availability state LivenessState changed to CORRECT
2025-11-11 23:05:40 - Application availability state ReadinessState changed to ACCEPTING_TRAFFIC
]]></system-out>
    <system-err><![CDATA[WARNING: A Java agent has been loaded dynamically (C:\Users\Romulo\.m2\repository\net\bytebuddy\byte-buddy-agent\1.14.10\byte-buddy-agent-1.14.10.jar)
WARNING: If a serviceability tool is in use, please run with -XX:+EnableDynamicAgentLoading to hide this warning
WARNING: If a serviceability tool is not in use, please run with -Djdk.instrument.traceUsage for more information
WARNING: Dynamic loading of agents will be disallowed by default in a future release
]]></system-err>
  </testcase>
</testsuite>