<?xml version="1.0" encoding="UTF-8"?>
<testsuite xmlns:xsi="http://www.w3.org/2001/XMLSchema-instance" xsi:noNamespaceSchemaLocation="https://maven.apache.org/surefire/maven-surefire-plugin/xsd/surefire-test-report-3.0.xsd" version="3.0" name="com.inventario.util.PasswordEncryptionTest" time="0.259" tests="6" errors="0" skipped="0" failures="0">
  <properties>
[...]
</properties>
  <testcase name="testNullPassword" classname="com.inventario.util.PasswordEncryptionTest" time="0.008"/>
  <testcase name="testComplexPassword" classname="com.inventario.util.PasswordEncryptionTest" time="0.068"/>
  <testcase name="testEncryptDecrypt" classname="com.inventario.util.PasswordEncryptionTest" time="0.057"/>
  <testcase name="testEmptyPassword" classname="com.inventario.util.PasswordEncryptionTest" time="0.002"/>
  <testcase name="testDifferentCiphersForSamePassword" classname="com.inventario.util.PasswordEncryptionTest" time="0.094"/>
  <testcase name="testIsEncrypted" classname="com.inventario.util.PasswordEncryptionTest" time="0.025"/>
</testsuite>